

Started GET "/" for 127.0.0.1 at 2018-08-24 12:59:45 -0300
Processing by Rails::WelcomeController#index as HTML
  Rendered vendor/bundle/ruby/2.3.0/gems/railties-4.2.6/lib/rails/templates/rails/welcome/index.html.erb (1.0ms)
Completed 200 OK in 12ms (Views: 5.9ms | ActiveRecord: 0.0ms)


Started GET "/" for 127.0.0.1 at 2018-08-24 13:08:22 -0300
Processing by Rails::WelcomeController#index as HTML
  Rendered vendor/bundle/ruby/2.3.0/gems/railties-4.2.6/lib/rails/templates/rails/welcome/index.html.erb (0.0ms)
Completed 200 OK in 1ms (Views: 0.7ms | ActiveRecord: 0.0ms)


Started GET "/produtos" for 127.0.0.1 at 2018-08-24 13:08:25 -0300
Processing by ProdutosController#index as HTML
  Rendered produtos/index.html within layouts/application (0.2ms)
Completed 200 OK in 263ms (Views: 262.3ms | ActiveRecord: 0.0ms)


Started GET "/assets/produtos.self-b60acab5af8d245ed2b3012f77d11d8d207d8eada27756badaf4ef05770d60f6.css?body=1" for 127.0.0.1 at 2018-08-24 13:08:25 -0300


Started GET "/assets/application.self-e80e8f2318043e8af94dddc2adad5a4f09739a8ebb323b3ab31cd71d45fd9113.css?body=1" for 127.0.0.1 at 2018-08-24 13:08:25 -0300


Started GET "/assets/jquery.self-bd7ddd393353a8d2480a622e80342adf488fb6006d667e8b42e4c0073393abee.js?body=1" for 127.0.0.1 at 2018-08-24 13:08:25 -0300


Started GET "/assets/jquery_ujs.self-784a997f6726036b1993eb2217c9cb558e1cbb801c6da88105588c56f13b466a.js?body=1" for 127.0.0.1 at 2018-08-24 13:08:25 -0300


Started GET "/assets/turbolinks.self-569ee74eaa15c1e2019317ff770b8769b1ec033a0f572a485f64c82ddc8f989e.js?body=1" for 127.0.0.1 at 2018-08-24 13:08:25 -0300


Started GET "/assets/produtos.self-19a187bec6cdb96d6de80a61c16c857c613536adf9138476bd367db38d282635.js?body=1" for 127.0.0.1 at 2018-08-24 13:08:25 -0300


Started GET "/assets/application.self-3b8dabdc891efe46b9a144b400ad69e37d7e5876bdc39dee783419a69d7ca819.js?body=1" for 127.0.0.1 at 2018-08-24 13:08:26 -0300
  [1m[36m (95.0ms)[0m  [1mCREATE TABLE "schema_migrations" ("version" varchar NOT NULL) [0m
  [1m[35m (0.1ms)[0m  select sqlite_version(*)
  [1m[36m (74.9ms)[0m  [1mCREATE UNIQUE INDEX "unique_schema_migrations" ON "schema_migrations" ("version")[0m
  [1m[35mActiveRecord::SchemaMigration Load (0.1ms)[0m  SELECT "schema_migrations".* FROM "schema_migrations"
Migrating to CreateProdutos (20180824161738)
  [1m[36m (0.0ms)[0m  [1mbegin transaction[0m
  [1m[35m (0.2ms)[0m  CREATE TABLE "produtos" ("id" INTEGER PRIMARY KEY AUTOINCREMENT NOT NULL, "nome" varchar, "descricao" text, "quantidade" integer, "preco" decimal, "created_at" datetime NOT NULL, "updated_at" datetime NOT NULL) 
  [1m[36mSQL (0.1ms)[0m  [1mINSERT INTO "schema_migrations" ("version") VALUES (?)[0m  [["version", "20180824161738"]]
  [1m[35m (100.4ms)[0m  commit transaction
  [1m[36mActiveRecord::SchemaMigration Load (0.1ms)[0m  [1mSELECT "schema_migrations".* FROM "schema_migrations"[0m
  [1m[36mActiveRecord::SchemaMigration Load (0.1ms)[0m  [1mSELECT "schema_migrations".* FROM "schema_migrations"[0m
  [1m[35mActiveRecord::SchemaMigration Load (0.1ms)[0m  SELECT "schema_migrations".* FROM "schema_migrations"
  [1m[36m (0.1ms)[0m  [1mbegin transaction[0m
  [1m[35mSQL (0.3ms)[0m  INSERT INTO "produtos" ("nome", "descricao", "quantidade", "preco", "created_at", "updated_at") VALUES (?, ?, ?, ?, ?, ?)  [["nome", "Camiseta do nirvana"], ["descricao", "Camiseta de rock"], ["quantidade", 10], ["preco", 35.5], ["created_at", "2018-08-24 16:27:50.227346"], ["updated_at", "2018-08-24 16:27:50.227346"]]
  [1m[36m (45.8ms)[0m  [1mcommit transaction[0m


Started GET "/produtos" for 127.0.0.1 at 2018-08-24 13:49:16 -0300
  [1m[36mActiveRecord::SchemaMigration Load (0.1ms)[0m  [1mSELECT "schema_migrations".* FROM "schema_migrations"[0m
Processing by ProdutosController#index as HTML
  Rendered produtos/index.html.erb within layouts/application (0.6ms)
Completed 500 Internal Server Error in 11ms (ActiveRecord: 0.0ms)

SyntaxError (/home/gneves/wp-gui/lojacamisetas/app/views/produtos/index.html.erb:43: syntax error, unexpected keyword_ensure, expecting keyword_end
/home/gneves/wp-gui/lojacamisetas/app/views/produtos/index.html.erb:45: syntax error, unexpected end-of-input, expecting keyword_end):
  app/views/produtos/index.html.erb:43: syntax error, unexpected keyword_ensure, expecting keyword_end
  app/views/produtos/index.html.erb:45: syntax error, unexpected end-of-input, expecting keyword_end


  Rendered vendor/bundle/ruby/2.3.0/gems/actionpack-4.2.6/lib/action_dispatch/middleware/templates/rescues/_source.erb (3.8ms)
  Rendered vendor/bundle/ruby/2.3.0/gems/actionpack-4.2.6/lib/action_dispatch/middleware/templates/rescues/_trace.html.erb (2.0ms)
  Rendered vendor/bundle/ruby/2.3.0/gems/actionpack-4.2.6/lib/action_dispatch/middleware/templates/rescues/_request_and_response.html.erb (0.8ms)
  Rendered vendor/bundle/ruby/2.3.0/gems/actionpack-4.2.6/lib/action_dispatch/middleware/templates/rescues/diagnostics.html.erb within rescues/layout (20.7ms)


Started GET "/produtos" for 127.0.0.1 at 2018-08-24 13:49:22 -0300
Processing by ProdutosController#index as HTML
  Rendered produtos/index.html.erb within layouts/application (0.4ms)
Completed 500 Internal Server Error in 2ms (ActiveRecord: 0.0ms)

SyntaxError (/home/gneves/wp-gui/lojacamisetas/app/views/produtos/index.html.erb:43: syntax error, unexpected keyword_ensure, expecting keyword_end
/home/gneves/wp-gui/lojacamisetas/app/views/produtos/index.html.erb:45: syntax error, unexpected end-of-input, expecting keyword_end):
  app/views/produtos/index.html.erb:43: syntax error, unexpected keyword_ensure, expecting keyword_end
  app/views/produtos/index.html.erb:45: syntax error, unexpected end-of-input, expecting keyword_end


  Rendered vendor/bundle/ruby/2.3.0/gems/actionpack-4.2.6/lib/action_dispatch/middleware/templates/rescues/_source.erb (3.9ms)
  Rendered vendor/bundle/ruby/2.3.0/gems/actionpack-4.2.6/lib/action_dispatch/middleware/templates/rescues/_trace.html.erb (2.4ms)
  Rendered vendor/bundle/ruby/2.3.0/gems/actionpack-4.2.6/lib/action_dispatch/middleware/templates/rescues/_request_and_response.html.erb (0.7ms)
  Rendered vendor/bundle/ruby/2.3.0/gems/actionpack-4.2.6/lib/action_dispatch/middleware/templates/rescues/diagnostics.html.erb within rescues/layout (16.8ms)


Started GET "/produtos" for 127.0.0.1 at 2018-08-24 13:49:24 -0300
Processing by ProdutosController#index as HTML
  Rendered produtos/index.html.erb within layouts/application (0.3ms)
Completed 500 Internal Server Error in 1ms (ActiveRecord: 0.0ms)

SyntaxError (/home/gneves/wp-gui/lojacamisetas/app/views/produtos/index.html.erb:43: syntax error, unexpected keyword_ensure, expecting keyword_end
/home/gneves/wp-gui/lojacamisetas/app/views/produtos/index.html.erb:45: syntax error, unexpected end-of-input, expecting keyword_end):
  app/views/produtos/index.html.erb:43: syntax error, unexpected keyword_ensure, expecting keyword_end
  app/views/produtos/index.html.erb:45: syntax error, unexpected end-of-input, expecting keyword_end


  Rendered vendor/bundle/ruby/2.3.0/gems/actionpack-4.2.6/lib/action_dispatch/middleware/templates/rescues/_source.erb (5.0ms)
  Rendered vendor/bundle/ruby/2.3.0/gems/actionpack-4.2.6/lib/action_dispatch/middleware/templates/rescues/_trace.html.erb (1.9ms)
  Rendered vendor/bundle/ruby/2.3.0/gems/actionpack-4.2.6/lib/action_dispatch/middleware/templates/rescues/_request_and_response.html.erb (0.6ms)
  Rendered vendor/bundle/ruby/2.3.0/gems/actionpack-4.2.6/lib/action_dispatch/middleware/templates/rescues/diagnostics.html.erb within rescues/layout (17.4ms)


Started GET "/produtos" for 127.0.0.1 at 2018-08-24 13:49:42 -0300
  [1m[36mActiveRecord::SchemaMigration Load (0.1ms)[0m  [1mSELECT "schema_migrations".* FROM "schema_migrations"[0m
Processing by ProdutosController#index as HTML
  Rendered produtos/index.html.erb within layouts/application (0.6ms)
Completed 500 Internal Server Error in 11ms (ActiveRecord: 0.0ms)

SyntaxError (/home/gneves/wp-gui/lojacamisetas/app/views/produtos/index.html.erb:43: syntax error, unexpected keyword_ensure, expecting keyword_end
/home/gneves/wp-gui/lojacamisetas/app/views/produtos/index.html.erb:45: syntax error, unexpected end-of-input, expecting keyword_end):
  app/views/produtos/index.html.erb:43: syntax error, unexpected keyword_ensure, expecting keyword_end
  app/views/produtos/index.html.erb:45: syntax error, unexpected end-of-input, expecting keyword_end


  Rendered vendor/bundle/ruby/2.3.0/gems/actionpack-4.2.6/lib/action_dispatch/middleware/templates/rescues/_source.erb (4.2ms)
  Rendered vendor/bundle/ruby/2.3.0/gems/actionpack-4.2.6/lib/action_dispatch/middleware/templates/rescues/_trace.html.erb (4.6ms)
  Rendered vendor/bundle/ruby/2.3.0/gems/actionpack-4.2.6/lib/action_dispatch/middleware/templates/rescues/_request_and_response.html.erb (0.7ms)
  Rendered vendor/bundle/ruby/2.3.0/gems/actionpack-4.2.6/lib/action_dispatch/middleware/templates/rescues/diagnostics.html.erb within rescues/layout (20.0ms)


Started GET "/produtos" for 127.0.0.1 at 2018-08-24 13:51:03 -0300
Processing by ProdutosController#index as HTML
  [1m[35mProduto Load (0.1ms)[0m  SELECT "produtos".* FROM "produtos"
  Rendered produtos/index.html.erb within layouts/application (5.5ms)
Completed 200 OK in 132ms (Views: 131.1ms | ActiveRecord: 0.3ms)


Started GET "/produtos" for 127.0.0.1 at 2018-08-24 13:57:00 -0300
Processing by ProdutosController#index as HTML
  [1m[36mProduto Load (0.2ms)[0m  [1mSELECT "produtos".* FROM "produtos"  ORDER BY "produtos"."nome" ASC[0m
  [1m[35mProduto Load (0.1ms)[0m  SELECT "produtos".* FROM "produtos"  ORDER BY "produtos"."preco" ASC
  Rendered produtos/index.html.erb within layouts/application (1.8ms)
Completed 200 OK in 11ms (Views: 10.2ms | ActiveRecord: 0.3ms)


Started GET "/produtos" for 127.0.0.1 at 2018-08-24 13:57:00 -0300
Processing by ProdutosController#index as HTML
  [1m[36mProduto Load (0.1ms)[0m  [1mSELECT "produtos".* FROM "produtos"  ORDER BY "produtos"."nome" ASC[0m
  [1m[35mProduto Load (0.1ms)[0m  SELECT "produtos".* FROM "produtos"  ORDER BY "produtos"."preco" ASC
  Rendered produtos/index.html.erb within layouts/application (0.9ms)
Completed 200 OK in 9ms (Views: 8.0ms | ActiveRecord: 0.2ms)


Started GET "/produtos" for 127.0.0.1 at 2018-08-24 14:03:40 -0300
Processing by ProdutosController#index as HTML
  Rendered produtos/index.html.erb within layouts/application (1.3ms)
Completed 500 Internal Server Error in 5ms (ActiveRecord: 0.0ms)

ActionView::Template::Error (undefined method `each' for nil:NilClass):
    18:             </tr>
    19:         </thead>
    20:         <tbody>
    21:             <% @produtos_por_nome.each do |produto| %>
    22:             <tr>
    23:                 <td> <%= produto.nome %> </td>
    24:                 <td> <%= produto.descricao %> </td>
  app/views/produtos/index.html.erb:21:in `_app_views_produtos_index_html_erb___2359357994536078740_69908867698540'


  Rendered vendor/bundle/ruby/2.3.0/gems/actionpack-4.2.6/lib/action_dispatch/middleware/templates/rescues/_source.erb (3.7ms)
  Rendered vendor/bundle/ruby/2.3.0/gems/actionpack-4.2.6/lib/action_dispatch/middleware/templates/rescues/_trace.html.erb (1.9ms)
  Rendered vendor/bundle/ruby/2.3.0/gems/actionpack-4.2.6/lib/action_dispatch/middleware/templates/rescues/_request_and_response.html.erb (0.7ms)
  Rendered vendor/bundle/ruby/2.3.0/gems/actionpack-4.2.6/lib/action_dispatch/middleware/templates/rescues/template_error.html.erb within rescues/layout (16.1ms)


Started GET "/produtos" for 127.0.0.1 at 2018-08-24 14:03:58 -0300
Processing by ProdutosController#index as HTML
  [1m[36mProduto Load (0.3ms)[0m  [1mSELECT "produtos".* FROM "produtos"  ORDER BY "produtos"."nome" ASC[0m
  [1m[35mProduto Load (0.1ms)[0m  SELECT "produtos".* FROM "produtos"  ORDER BY "produtos"."preco" ASC
  Rendered produtos/index.html.erb within layouts/application (3.6ms)
Completed 200 OK in 13ms (Views: 11.3ms | ActiveRecord: 0.6ms)


Started GET "/produtos" for 127.0.0.1 at 2018-08-24 14:06:04 -0300
Processing by ProdutosController#index as HTML
  [1m[36mProduto Load (0.3ms)[0m  [1mSELECT  "produtos".* FROM "produtos"  ORDER BY "produtos"."nome" ASC LIMIT 5[0m
  [1m[35mProduto Load (0.1ms)[0m  SELECT "produtos".* FROM "produtos"  ORDER BY "produtos"."preco" ASC
  Rendered produtos/index.html.erb within layouts/application (4.5ms)
Completed 200 OK in 18ms (Views: 15.9ms | ActiveRecord: 0.6ms)


Started GET "/produtos" for 127.0.0.1 at 2018-08-24 14:28:52 -0300
Processing by ProdutosController#index as HTML
  [1m[36mProduto Load (0.3ms)[0m  [1mSELECT  "produtos".* FROM "produtos"  ORDER BY "produtos"."nome" ASC LIMIT 5[0m
  [1m[35mProduto Load (0.1ms)[0m  SELECT "produtos".* FROM "produtos"  ORDER BY "produtos"."preco" ASC
  Rendered produtos/index.html.erb within layouts/application (1.8ms)
Completed 500 Internal Server Error in 11ms (ActiveRecord: 0.4ms)

ActionView::Template::Error (couldn't find file 'twitter-bootstrap-static/bootstrap' with type 'text/css'
Checked in these paths: 
  /home/gneves/wp-gui/lojacamisetas/app/assets/images
  /home/gneves/wp-gui/lojacamisetas/app/assets/javascripts
  /home/gneves/wp-gui/lojacamisetas/app/assets/stylesheets
  /home/gneves/wp-gui/lojacamisetas/vendor/assets/javascripts
  /home/gneves/wp-gui/lojacamisetas/vendor/assets/stylesheets
  /home/gneves/wp-gui/lojacamisetas/vendor/bundle/ruby/2.3.0/gems/jquery-rails-4.3.3/vendor/assets/javascripts
  /home/gneves/wp-gui/lojacamisetas/vendor/bundle/ruby/2.3.0/gems/turbolinks-source-5.2.0/lib/assets/javascripts):
    2: <html>
    3: <head>
    4:   <title>Lojacamisetas</title>
    5:   <%= stylesheet_link_tag    'application', media: 'all', 'data-turbolinks-track' => true %>
    6:   <%= javascript_include_tag 'application', 'data-turbolinks-track' => true %>
    7:   <%= csrf_meta_tags %>
    8: </head>
  app/assets/stylesheets/bootstrap_and_overrides.css:2
  app/views/layouts/application.html.erb:5:in `_app_views_layouts_application_html_erb___3704805089418183606_69908854319560'


  Rendered vendor/bundle/ruby/2.3.0/gems/actionpack-4.2.6/lib/action_dispatch/middleware/templates/rescues/_source.erb (4.7ms)
  Rendered vendor/bundle/ruby/2.3.0/gems/actionpack-4.2.6/lib/action_dispatch/middleware/templates/rescues/_trace.html.erb (2.2ms)
  Rendered vendor/bundle/ruby/2.3.0/gems/actionpack-4.2.6/lib/action_dispatch/middleware/templates/rescues/_request_and_response.html.erb (0.7ms)
  Rendered vendor/bundle/ruby/2.3.0/gems/actionpack-4.2.6/lib/action_dispatch/middleware/templates/rescues/template_error.html.erb within rescues/layout (17.8ms)


Started GET "/produtos" for 127.0.0.1 at 2018-08-24 14:29:36 -0300
Processing by ProdutosController#index as HTML
  [1m[36mProduto Load (0.2ms)[0m  [1mSELECT  "produtos".* FROM "produtos"  ORDER BY "produtos"."nome" ASC LIMIT 5[0m
  [1m[35mProduto Load (0.1ms)[0m  SELECT "produtos".* FROM "produtos"  ORDER BY "produtos"."preco" ASC
  Rendered produtos/index.html.erb within layouts/application (1.7ms)
Completed 500 Internal Server Error in 5ms (ActiveRecord: 0.3ms)

ActionView::Template::Error (couldn't find file 'twitter-bootstrap-static/bootstrap' with type 'text/css'
Checked in these paths: 
  /home/gneves/wp-gui/lojacamisetas/app/assets/images
  /home/gneves/wp-gui/lojacamisetas/app/assets/javascripts
  /home/gneves/wp-gui/lojacamisetas/app/assets/stylesheets
  /home/gneves/wp-gui/lojacamisetas/vendor/assets/javascripts
  /home/gneves/wp-gui/lojacamisetas/vendor/assets/stylesheets
  /home/gneves/wp-gui/lojacamisetas/vendor/bundle/ruby/2.3.0/gems/jquery-rails-4.3.3/vendor/assets/javascripts
  /home/gneves/wp-gui/lojacamisetas/vendor/bundle/ruby/2.3.0/gems/turbolinks-source-5.2.0/lib/assets/javascripts):
    2: <html>
    3: <head>
    4:   <title>Lojacamisetas</title>
    5:   <%= stylesheet_link_tag    'application', media: 'all', 'data-turbolinks-track' => true %>
    6:   <%= javascript_include_tag 'application', 'data-turbolinks-track' => true %>
    7:   <%= csrf_meta_tags %>
    8: </head>
  app/assets/stylesheets/bootstrap_and_overrides.css:2
  app/views/layouts/application.html.erb:5:in `_app_views_layouts_application_html_erb___3704805089418183606_69908854319560'


  Rendered vendor/bundle/ruby/2.3.0/gems/actionpack-4.2.6/lib/action_dispatch/middleware/templates/rescues/_source.erb (4.8ms)
  Rendered vendor/bundle/ruby/2.3.0/gems/actionpack-4.2.6/lib/action_dispatch/middleware/templates/rescues/_trace.html.erb (2.0ms)
  Rendered vendor/bundle/ruby/2.3.0/gems/actionpack-4.2.6/lib/action_dispatch/middleware/templates/rescues/_request_and_response.html.erb (0.6ms)
  Rendered vendor/bundle/ruby/2.3.0/gems/actionpack-4.2.6/lib/action_dispatch/middleware/templates/rescues/template_error.html.erb within rescues/layout (17.3ms)


Started GET "/produtos" for 127.0.0.1 at 2018-08-24 14:30:23 -0300
Processing by ProdutosController#index as HTML
  [1m[36mProduto Load (0.1ms)[0m  [1mSELECT  "produtos".* FROM "produtos"  ORDER BY "produtos"."nome" ASC LIMIT 5[0m
  [1m[35mProduto Load (0.1ms)[0m  SELECT "produtos".* FROM "produtos"  ORDER BY "produtos"."preco" ASC
  Rendered produtos/index.html.erb within layouts/application (1.0ms)
Completed 500 Internal Server Error in 6ms (ActiveRecord: 0.2ms)

ActionView::Template::Error (couldn't find file 'twitter-bootstrap-static/bootstrap' with type 'text/css'
Checked in these paths: 
  /home/gneves/wp-gui/lojacamisetas/app/assets/images
  /home/gneves/wp-gui/lojacamisetas/app/assets/javascripts
  /home/gneves/wp-gui/lojacamisetas/app/assets/stylesheets
  /home/gneves/wp-gui/lojacamisetas/vendor/assets/javascripts
  /home/gneves/wp-gui/lojacamisetas/vendor/assets/stylesheets
  /home/gneves/wp-gui/lojacamisetas/vendor/bundle/ruby/2.3.0/gems/jquery-rails-4.3.3/vendor/assets/javascripts
  /home/gneves/wp-gui/lojacamisetas/vendor/bundle/ruby/2.3.0/gems/turbolinks-source-5.2.0/lib/assets/javascripts):
    2: <html>
    3: <head>
    4:   <title>Lojacamisetas</title>
    5:   <%= stylesheet_link_tag    'application', media: 'all', 'data-turbolinks-track' => true %>
    6:   <%= javascript_include_tag 'application', 'data-turbolinks-track' => true %>
    7:   <%= csrf_meta_tags %>
    8: </head>
  app/assets/stylesheets/bootstrap_and_overrides.css:2
  app/views/layouts/application.html.erb:5:in `_app_views_layouts_application_html_erb___3704805089418183606_69908854319560'


  Rendered vendor/bundle/ruby/2.3.0/gems/actionpack-4.2.6/lib/action_dispatch/middleware/templates/rescues/_source.erb (4.3ms)
  Rendered vendor/bundle/ruby/2.3.0/gems/actionpack-4.2.6/lib/action_dispatch/middleware/templates/rescues/_trace.html.erb (1.8ms)
  Rendered vendor/bundle/ruby/2.3.0/gems/actionpack-4.2.6/lib/action_dispatch/middleware/templates/rescues/_request_and_response.html.erb (0.6ms)
  Rendered vendor/bundle/ruby/2.3.0/gems/actionpack-4.2.6/lib/action_dispatch/middleware/templates/rescues/template_error.html.erb within rescues/layout (16.5ms)


Started GET "/produtos" for 127.0.0.1 at 2018-08-24 14:30:47 -0300
  [1m[36mActiveRecord::SchemaMigration Load (0.1ms)[0m  [1mSELECT "schema_migrations".* FROM "schema_migrations"[0m
Processing by ProdutosController#index as HTML
  [1m[35mProduto Load (0.2ms)[0m  SELECT  "produtos".* FROM "produtos"  ORDER BY "produtos"."nome" ASC LIMIT 5
  [1m[36mProduto Load (0.1ms)[0m  [1mSELECT "produtos".* FROM "produtos"  ORDER BY "produtos"."preco" ASC[0m
  Rendered produtos/index.html.erb within layouts/application (5.9ms)
Completed 200 OK in 225ms (Views: 217.0ms | ActiveRecord: 0.5ms)


Started GET "/assets/twitter-bootstrap-static/fontawesome.self-2fe4f8a61d73606fbcb036b41f380591906a4da65a9eb5ec0a210fe6980b2ca7.css?body=1" for 127.0.0.1 at 2018-08-24 14:30:47 -0300


Started GET "/assets/twitter-bootstrap-static/bootstrap.self-603f330c29af013305325569c8c75d03d688963abd8cde4fffec17b5ce417bfb.css?body=1" for 127.0.0.1 at 2018-08-24 14:30:47 -0300


Started GET "/assets/bootstrap_and_overrides.self-2cb3834583dfbaf0a39c7139750bf963e05d79cbe811126997e013400be5d8dc.css?body=1" for 127.0.0.1 at 2018-08-24 14:30:47 -0300


Started GET "/assets/twitter/bootstrap/transition.self-09ff30b1e8a93d1f7728b9855f55d9c9d8d5734c8861e0d8139994e50944572a.js?body=1" for 127.0.0.1 at 2018-08-24 14:30:47 -0300


Started GET "/assets/twitter/bootstrap/alert.self-a29e91e8cd3ddaba9bbc466901d53ec2127e9256b9b941905d525a3a716bd1a5.js?body=1" for 127.0.0.1 at 2018-08-24 14:30:47 -0300


Started GET "/assets/twitter/bootstrap/modal.self-72f95ffa1071297725a9ac91989693d56d1abf23f441a47455073b0da2857a5b.js?body=1" for 127.0.0.1 at 2018-08-24 14:30:47 -0300


Started GET "/assets/twitter/bootstrap/dropdown.self-9314126777c6be5443e37ea7f7967d7914d72b3e60449ba50edc967446373059.js?body=1" for 127.0.0.1 at 2018-08-24 14:30:47 -0300


Started GET "/assets/twitter/bootstrap/scrollspy.self-a155b9d4b2f978905f0326c0f6635e1134fe91c6bfbfcbad079fa24a9fef2b0e.js?body=1" for 127.0.0.1 at 2018-08-24 14:30:47 -0300


Started GET "/assets/twitter/bootstrap/tab.self-122235057fbd4c6c7da377d59dc58f47b44cb1088a2e38e6ee6ce9d8ac29a26a.js?body=1" for 127.0.0.1 at 2018-08-24 14:30:47 -0300


Started GET "/assets/twitter/bootstrap/tooltip.self-11cf547be953f25f511cec668f6690473fd97b2f65502e4032f4030999a3f0c3.js?body=1" for 127.0.0.1 at 2018-08-24 14:30:47 -0300


Started GET "/assets/twitter/bootstrap/popover.self-77d8e3a2499c1104ef146396a68b82469ee2bdb365199b874694698d10405e9a.js?body=1" for 127.0.0.1 at 2018-08-24 14:30:47 -0300


Started GET "/assets/twitter/bootstrap/button.self-a6cb16785434acb365ae426aef9f1fce05ed553cae7a965e4471c3da71509175.js?body=1" for 127.0.0.1 at 2018-08-24 14:30:47 -0300


Started GET "/assets/twitter/bootstrap/collapse.self-7dc8bfbc2fbfabd2bad62c58ff8ffeaf8f20fb87c7ca6cd35f06d4dc19632587.js?body=1" for 127.0.0.1 at 2018-08-24 14:30:47 -0300


Started GET "/assets/twitter/bootstrap/carousel.self-57eb8422043cf0a85b7a9dc6843916eb0a3e35b419c7798a5eb254b918997631.js?body=1" for 127.0.0.1 at 2018-08-24 14:30:47 -0300


Started GET "/assets/twitter/bootstrap/affix.self-d2b642d8fbfc1d7041e2edefd66683ada567a980789dcd6f94fddda0b33408b5.js?body=1" for 127.0.0.1 at 2018-08-24 14:30:47 -0300


Started GET "/assets/twitter/bootstrap.self-fbfa5ad7d9aa0afe439ec4ff3883acc4cb92b62cb67c40d674320c9aa1d4642d.js?body=1" for 127.0.0.1 at 2018-08-24 14:30:47 -0300


Started GET "/assets/application.self-f8806224e027f3e3f0138ea9ce99319e298dfdb323304d1f1be6eae8e8c74724.js?body=1" for 127.0.0.1 at 2018-08-24 14:30:47 -0300


Started GET "/assets/bootstrap.self-5afe7e91ef3675e2be97b8d060a7f3755d6dbc615b76df476df55143da70679f.js?body=1" for 127.0.0.1 at 2018-08-24 14:30:47 -0300


Started GET "/produtos" for 127.0.0.1 at 2018-08-24 14:30:57 -0300
Processing by ProdutosController#index as HTML
  [1m[35mProduto Load (0.2ms)[0m  SELECT  "produtos".* FROM "produtos"  ORDER BY "produtos"."nome" ASC LIMIT 5
  [1m[36mProduto Load (0.1ms)[0m  [1mSELECT "produtos".* FROM "produtos"  ORDER BY "produtos"."preco" ASC[0m
  Rendered produtos/index.html.erb within layouts/application (2.1ms)
Completed 200 OK in 58ms (Views: 56.4ms | ActiveRecord: 0.3ms)


Started GET "/produtos" for 127.0.0.1 at 2018-08-24 14:32:00 -0300
Processing by ProdutosController#index as HTML
  [1m[35mProduto Load (0.2ms)[0m  SELECT  "produtos".* FROM "produtos"  ORDER BY "produtos"."nome" ASC LIMIT 5
  [1m[36mProduto Load (0.1ms)[0m  [1mSELECT "produtos".* FROM "produtos"  ORDER BY "produtos"."preco" ASC[0m
  Rendered produtos/index.html.erb within layouts/application (2.1ms)
Completed 200 OK in 34ms (Views: 33.1ms | ActiveRecord: 0.3ms)


Started GET "/produtos" for 127.0.0.1 at 2018-08-24 14:35:19 -0300
Processing by ProdutosController#index as HTML
  [1m[35mProduto Load (0.3ms)[0m  SELECT  "produtos".* FROM "produtos"  ORDER BY "produtos"."nome" ASC LIMIT 5
  [1m[36mProduto Load (0.1ms)[0m  [1mSELECT "produtos".* FROM "produtos"  ORDER BY "produtos"."preco" ASC[0m
  Rendered produtos/index.html.erb within layouts/application (23.2ms)
Completed 500 Internal Server Error in 25ms (ActiveRecord: 0.4ms)

ActionView::Template::Error (undefined local variable or method `root_url' for #<#<Class:0x007fd3e0b461d8>:0x007fd3c8661518>
Did you mean?  produtos_url):
     8: </head>
     9: <body>
    10: 
    11: <%= nav_bar brand: "Camisas de rock"%>
    12: 
    13:     <table class ="table table-bordered">
    14:         <thead>
  app/views/produtos/index.html.erb:11:in `_app_views_produtos_index_html_erb___1125973083663822524_70273788477660'


  Rendered vendor/bundle/ruby/2.3.0/gems/actionpack-4.2.6/lib/action_dispatch/middleware/templates/rescues/_source.erb (4.4ms)
  Rendered vendor/bundle/ruby/2.3.0/gems/actionpack-4.2.6/lib/action_dispatch/middleware/templates/rescues/_trace.html.erb (1.9ms)
  Rendered vendor/bundle/ruby/2.3.0/gems/actionpack-4.2.6/lib/action_dispatch/middleware/templates/rescues/_request_and_response.html.erb (0.9ms)
  Rendered vendor/bundle/ruby/2.3.0/gems/actionpack-4.2.6/lib/action_dispatch/middleware/templates/rescues/template_error.html.erb within rescues/layout (16.9ms)


Started GET "/produtos" for 127.0.0.1 at 2018-08-24 14:36:08 -0300
Processing by ProdutosController#index as HTML
  [1m[35mProduto Load (0.2ms)[0m  SELECT  "produtos".* FROM "produtos"  ORDER BY "produtos"."nome" ASC LIMIT 5
  [1m[36mProduto Load (0.1ms)[0m  [1mSELECT "produtos".* FROM "produtos"  ORDER BY "produtos"."preco" ASC[0m
  Rendered produtos/index.html.erb within layouts/application (18.2ms)
Completed 500 Internal Server Error in 20ms (ActiveRecord: 0.3ms)

ActionView::Template::Error (undefined local variable or method `root_url' for #<#<Class:0x007fd3e0b461d8>:0x007fd3c851d9b8>
Did you mean?  produtos_url):
     8: </head>
     9: <body>
    10: 
    11: <%= nav_bar brand: "Camisas de rock", brand_links: "/produtos" %>
    12: 
    13:     <table class ="table table-bordered">
    14:         <thead>
  app/views/produtos/index.html.erb:11:in `_app_views_produtos_index_html_erb___1125973083663822524_70273787813900'


  Rendered vendor/bundle/ruby/2.3.0/gems/actionpack-4.2.6/lib/action_dispatch/middleware/templates/rescues/_source.erb (5.4ms)
  Rendered vendor/bundle/ruby/2.3.0/gems/actionpack-4.2.6/lib/action_dispatch/middleware/templates/rescues/_trace.html.erb (2.2ms)
  Rendered vendor/bundle/ruby/2.3.0/gems/actionpack-4.2.6/lib/action_dispatch/middleware/templates/rescues/_request_and_response.html.erb (0.7ms)
  Rendered vendor/bundle/ruby/2.3.0/gems/actionpack-4.2.6/lib/action_dispatch/middleware/templates/rescues/template_error.html.erb within rescues/layout (18.5ms)


Started GET "/" for 127.0.0.1 at 2018-08-24 14:47:06 -0300
  [1m[36mActiveRecord::SchemaMigration Load (0.1ms)[0m  [1mSELECT "schema_migrations".* FROM "schema_migrations"[0m
Processing by ProdutosController#index as HTML
  [1m[35mProduto Load (0.2ms)[0m  SELECT  "produtos".* FROM "produtos"  ORDER BY "produtos"."nome" ASC LIMIT 5
  [1m[36mProduto Load (0.1ms)[0m  [1mSELECT "produtos".* FROM "produtos"  ORDER BY "produtos"."preco" ASC[0m
  Rendered produtos/index.html.erb within layouts/application (6.6ms)
Completed 200 OK in 172ms (Views: 164.4ms | ActiveRecord: 0.6ms)


Started GET "/" for 127.0.0.1 at 2018-08-24 14:48:34 -0300
Processing by ProdutosController#index as HTML
  [1m[35mProduto Load (0.2ms)[0m  SELECT  "produtos".* FROM "produtos"  ORDER BY "produtos"."nome" ASC LIMIT 5
  [1m[36mProduto Load (0.1ms)[0m  [1mSELECT "produtos".* FROM "produtos"  ORDER BY "produtos"."preco" ASC[0m
  Rendered produtos/index.html.erb within layouts/application (1.8ms)
Completed 200 OK in 29ms (Views: 28.2ms | ActiveRecord: 0.3ms)


Started GET "/" for 127.0.0.1 at 2018-08-24 14:56:21 -0300
Processing by ProdutosController#index as HTML
  [1m[35mProduto Load (0.2ms)[0m  SELECT  "produtos".* FROM "produtos"  ORDER BY "produtos"."nome" ASC LIMIT 5
  [1m[36mProduto Load (0.1ms)[0m  [1mSELECT "produtos".* FROM "produtos"  ORDER BY "produtos"."preco" ASC[0m
  Rendered produtos/index.html.erb within layouts/application (1.8ms)
Completed 200 OK in 50ms (Views: 49.3ms | ActiveRecord: 0.3ms)


Started GET "/" for 127.0.0.1 at 2018-08-24 14:56:22 -0300
Processing by ProdutosController#index as HTML
  [1m[35mProduto Load (0.2ms)[0m  SELECT  "produtos".* FROM "produtos"  ORDER BY "produtos"."nome" ASC LIMIT 5
  [1m[36mProduto Load (0.1ms)[0m  [1mSELECT "produtos".* FROM "produtos"  ORDER BY "produtos"."preco" ASC[0m
  Rendered produtos/index.html.erb within layouts/application (1.4ms)
Completed 200 OK in 40ms (Views: 38.9ms | ActiveRecord: 0.3ms)


Started GET "/" for 127.0.0.1 at 2018-08-24 14:56:22 -0300
Processing by ProdutosController#index as HTML
  [1m[35mProduto Load (0.2ms)[0m  SELECT  "produtos".* FROM "produtos"  ORDER BY "produtos"."nome" ASC LIMIT 5
  [1m[36mProduto Load (0.1ms)[0m  [1mSELECT "produtos".* FROM "produtos"  ORDER BY "produtos"."preco" ASC[0m
  Rendered produtos/index.html.erb within layouts/application (1.7ms)
Completed 200 OK in 49ms (Views: 43.1ms | ActiveRecord: 0.3ms)


Started GET "/produtos/new" for 127.0.0.1 at 2018-08-24 15:17:33 -0300

AbstractController::ActionNotFound (The action 'new' could not be found for ProdutosController):
  vendor/bundle/ruby/2.3.0/gems/actionpack-4.2.6/lib/abstract_controller/base.rb:132:in `process'
  vendor/bundle/ruby/2.3.0/gems/actionview-4.2.6/lib/action_view/rendering.rb:30:in `process'
  vendor/bundle/ruby/2.3.0/gems/actionpack-4.2.6/lib/action_controller/metal.rb:196:in `dispatch'
  vendor/bundle/ruby/2.3.0/gems/actionpack-4.2.6/lib/action_controller/metal/rack_delegation.rb:13:in `dispatch'
  vendor/bundle/ruby/2.3.0/gems/actionpack-4.2.6/lib/action_controller/metal.rb:237:in `block in action'
  vendor/bundle/ruby/2.3.0/gems/actionpack-4.2.6/lib/action_dispatch/routing/route_set.rb:74:in `dispatch'
  vendor/bundle/ruby/2.3.0/gems/actionpack-4.2.6/lib/action_dispatch/routing/route_set.rb:43:in `serve'
  vendor/bundle/ruby/2.3.0/gems/actionpack-4.2.6/lib/action_dispatch/journey/router.rb:43:in `block in serve'
  vendor/bundle/ruby/2.3.0/gems/actionpack-4.2.6/lib/action_dispatch/journey/router.rb:30:in `each'
  vendor/bundle/ruby/2.3.0/gems/actionpack-4.2.6/lib/action_dispatch/journey/router.rb:30:in `serve'
  vendor/bundle/ruby/2.3.0/gems/actionpack-4.2.6/lib/action_dispatch/routing/route_set.rb:817:in `call'
  vendor/bundle/ruby/2.3.0/gems/rack-1.6.10/lib/rack/etag.rb:24:in `call'
  vendor/bundle/ruby/2.3.0/gems/rack-1.6.10/lib/rack/conditionalget.rb:25:in `call'
  vendor/bundle/ruby/2.3.0/gems/rack-1.6.10/lib/rack/head.rb:13:in `call'
  vendor/bundle/ruby/2.3.0/gems/actionpack-4.2.6/lib/action_dispatch/middleware/params_parser.rb:27:in `call'
  vendor/bundle/ruby/2.3.0/gems/actionpack-4.2.6/lib/action_dispatch/middleware/flash.rb:260:in `call'
  vendor/bundle/ruby/2.3.0/gems/rack-1.6.10/lib/rack/session/abstract/id.rb:225:in `context'
  vendor/bundle/ruby/2.3.0/gems/rack-1.6.10/lib/rack/session/abstract/id.rb:220:in `call'
  vendor/bundle/ruby/2.3.0/gems/actionpack-4.2.6/lib/action_dispatch/middleware/cookies.rb:560:in `call'
  vendor/bundle/ruby/2.3.0/gems/activerecord-4.2.6/lib/active_record/query_cache.rb:36:in `call'
  vendor/bundle/ruby/2.3.0/gems/activerecord-4.2.6/lib/active_record/connection_adapters/abstract/connection_pool.rb:653:in `call'
  vendor/bundle/ruby/2.3.0/gems/activerecord-4.2.6/lib/active_record/migration.rb:377:in `call'
  vendor/bundle/ruby/2.3.0/gems/actionpack-4.2.6/lib/action_dispatch/middleware/callbacks.rb:29:in `block in call'
  vendor/bundle/ruby/2.3.0/gems/activesupport-4.2.6/lib/active_support/callbacks.rb:88:in `__run_callbacks__'
  vendor/bundle/ruby/2.3.0/gems/activesupport-4.2.6/lib/active_support/callbacks.rb:778:in `_run_call_callbacks'
  vendor/bundle/ruby/2.3.0/gems/activesupport-4.2.6/lib/active_support/callbacks.rb:81:in `run_callbacks'
  vendor/bundle/ruby/2.3.0/gems/actionpack-4.2.6/lib/action_dispatch/middleware/callbacks.rb:27:in `call'
  vendor/bundle/ruby/2.3.0/gems/actionpack-4.2.6/lib/action_dispatch/middleware/reloader.rb:73:in `call'
  vendor/bundle/ruby/2.3.0/gems/actionpack-4.2.6/lib/action_dispatch/middleware/remote_ip.rb:78:in `call'
  vendor/bundle/ruby/2.3.0/gems/actionpack-4.2.6/lib/action_dispatch/middleware/debug_exceptions.rb:17:in `call'
  vendor/bundle/ruby/2.3.0/gems/actionpack-4.2.6/lib/action_dispatch/middleware/show_exceptions.rb:30:in `call'
  vendor/bundle/ruby/2.3.0/gems/railties-4.2.6/lib/rails/rack/logger.rb:38:in `call_app'
  vendor/bundle/ruby/2.3.0/gems/railties-4.2.6/lib/rails/rack/logger.rb:20:in `block in call'
  vendor/bundle/ruby/2.3.0/gems/activesupport-4.2.6/lib/active_support/tagged_logging.rb:68:in `block in tagged'
  vendor/bundle/ruby/2.3.0/gems/activesupport-4.2.6/lib/active_support/tagged_logging.rb:26:in `tagged'
  vendor/bundle/ruby/2.3.0/gems/activesupport-4.2.6/lib/active_support/tagged_logging.rb:68:in `tagged'
  vendor/bundle/ruby/2.3.0/gems/railties-4.2.6/lib/rails/rack/logger.rb:20:in `call'
  vendor/bundle/ruby/2.3.0/gems/actionpack-4.2.6/lib/action_dispatch/middleware/request_id.rb:21:in `call'
  vendor/bundle/ruby/2.3.0/gems/rack-1.6.10/lib/rack/methodoverride.rb:22:in `call'
  vendor/bundle/ruby/2.3.0/gems/rack-1.6.10/lib/rack/runtime.rb:18:in `call'
  vendor/bundle/ruby/2.3.0/gems/activesupport-4.2.6/lib/active_support/cache/strategy/local_cache_middleware.rb:28:in `call'
  vendor/bundle/ruby/2.3.0/gems/rack-1.6.10/lib/rack/lock.rb:17:in `call'
  vendor/bundle/ruby/2.3.0/gems/actionpack-4.2.6/lib/action_dispatch/middleware/static.rb:120:in `call'
  vendor/bundle/ruby/2.3.0/gems/rack-1.6.10/lib/rack/sendfile.rb:113:in `call'
  vendor/bundle/ruby/2.3.0/gems/railties-4.2.6/lib/rails/engine.rb:518:in `call'
  vendor/bundle/ruby/2.3.0/gems/railties-4.2.6/lib/rails/application.rb:165:in `call'
  vendor/bundle/ruby/2.3.0/gems/rack-1.6.10/lib/rack/lock.rb:17:in `call'
  vendor/bundle/ruby/2.3.0/gems/rack-1.6.10/lib/rack/content_length.rb:15:in `call'
  vendor/bundle/ruby/2.3.0/gems/rack-1.6.10/lib/rack/handler/webrick.rb:88:in `service'
  /usr/lib/ruby/2.3.0/webrick/httpserver.rb:140:in `service'
  /usr/lib/ruby/2.3.0/webrick/httpserver.rb:96:in `run'
  /usr/lib/ruby/2.3.0/webrick/server.rb:296:in `block in start_thread'


  Rendered vendor/bundle/ruby/2.3.0/gems/actionpack-4.2.6/lib/action_dispatch/middleware/templates/rescues/unknown_action.html.erb within rescues/layout (0.4ms)


Started GET "/produtos/new" for 127.0.0.1 at 2018-08-24 15:18:15 -0300

AbstractController::ActionNotFound (The action 'new' could not be found for ProdutosController):
  vendor/bundle/ruby/2.3.0/gems/actionpack-4.2.6/lib/abstract_controller/base.rb:132:in `process'
  vendor/bundle/ruby/2.3.0/gems/actionview-4.2.6/lib/action_view/rendering.rb:30:in `process'
  vendor/bundle/ruby/2.3.0/gems/actionpack-4.2.6/lib/action_controller/metal.rb:196:in `dispatch'
  vendor/bundle/ruby/2.3.0/gems/actionpack-4.2.6/lib/action_controller/metal/rack_delegation.rb:13:in `dispatch'
  vendor/bundle/ruby/2.3.0/gems/actionpack-4.2.6/lib/action_controller/metal.rb:237:in `block in action'
  vendor/bundle/ruby/2.3.0/gems/actionpack-4.2.6/lib/action_dispatch/routing/route_set.rb:74:in `dispatch'
  vendor/bundle/ruby/2.3.0/gems/actionpack-4.2.6/lib/action_dispatch/routing/route_set.rb:43:in `serve'
  vendor/bundle/ruby/2.3.0/gems/actionpack-4.2.6/lib/action_dispatch/journey/router.rb:43:in `block in serve'
  vendor/bundle/ruby/2.3.0/gems/actionpack-4.2.6/lib/action_dispatch/journey/router.rb:30:in `each'
  vendor/bundle/ruby/2.3.0/gems/actionpack-4.2.6/lib/action_dispatch/journey/router.rb:30:in `serve'
  vendor/bundle/ruby/2.3.0/gems/actionpack-4.2.6/lib/action_dispatch/routing/route_set.rb:817:in `call'
  vendor/bundle/ruby/2.3.0/gems/rack-1.6.10/lib/rack/etag.rb:24:in `call'
  vendor/bundle/ruby/2.3.0/gems/rack-1.6.10/lib/rack/conditionalget.rb:25:in `call'
  vendor/bundle/ruby/2.3.0/gems/rack-1.6.10/lib/rack/head.rb:13:in `call'
  vendor/bundle/ruby/2.3.0/gems/actionpack-4.2.6/lib/action_dispatch/middleware/params_parser.rb:27:in `call'
  vendor/bundle/ruby/2.3.0/gems/actionpack-4.2.6/lib/action_dispatch/middleware/flash.rb:260:in `call'
  vendor/bundle/ruby/2.3.0/gems/rack-1.6.10/lib/rack/session/abstract/id.rb:225:in `context'
  vendor/bundle/ruby/2.3.0/gems/rack-1.6.10/lib/rack/session/abstract/id.rb:220:in `call'
  vendor/bundle/ruby/2.3.0/gems/actionpack-4.2.6/lib/action_dispatch/middleware/cookies.rb:560:in `call'
  vendor/bundle/ruby/2.3.0/gems/activerecord-4.2.6/lib/active_record/query_cache.rb:36:in `call'
  vendor/bundle/ruby/2.3.0/gems/activerecord-4.2.6/lib/active_record/connection_adapters/abstract/connection_pool.rb:653:in `call'
  vendor/bundle/ruby/2.3.0/gems/activerecord-4.2.6/lib/active_record/migration.rb:377:in `call'
  vendor/bundle/ruby/2.3.0/gems/actionpack-4.2.6/lib/action_dispatch/middleware/callbacks.rb:29:in `block in call'
  vendor/bundle/ruby/2.3.0/gems/activesupport-4.2.6/lib/active_support/callbacks.rb:88:in `__run_callbacks__'
  vendor/bundle/ruby/2.3.0/gems/activesupport-4.2.6/lib/active_support/callbacks.rb:778:in `_run_call_callbacks'
  vendor/bundle/ruby/2.3.0/gems/activesupport-4.2.6/lib/active_support/callbacks.rb:81:in `run_callbacks'
  vendor/bundle/ruby/2.3.0/gems/actionpack-4.2.6/lib/action_dispatch/middleware/callbacks.rb:27:in `call'
  vendor/bundle/ruby/2.3.0/gems/actionpack-4.2.6/lib/action_dispatch/middleware/reloader.rb:73:in `call'
  vendor/bundle/ruby/2.3.0/gems/actionpack-4.2.6/lib/action_dispatch/middleware/remote_ip.rb:78:in `call'
  vendor/bundle/ruby/2.3.0/gems/actionpack-4.2.6/lib/action_dispatch/middleware/debug_exceptions.rb:17:in `call'
  vendor/bundle/ruby/2.3.0/gems/actionpack-4.2.6/lib/action_dispatch/middleware/show_exceptions.rb:30:in `call'
  vendor/bundle/ruby/2.3.0/gems/railties-4.2.6/lib/rails/rack/logger.rb:38:in `call_app'
  vendor/bundle/ruby/2.3.0/gems/railties-4.2.6/lib/rails/rack/logger.rb:20:in `block in call'
  vendor/bundle/ruby/2.3.0/gems/activesupport-4.2.6/lib/active_support/tagged_logging.rb:68:in `block in tagged'
  vendor/bundle/ruby/2.3.0/gems/activesupport-4.2.6/lib/active_support/tagged_logging.rb:26:in `tagged'
  vendor/bundle/ruby/2.3.0/gems/activesupport-4.2.6/lib/active_support/tagged_logging.rb:68:in `tagged'
  vendor/bundle/ruby/2.3.0/gems/railties-4.2.6/lib/rails/rack/logger.rb:20:in `call'
  vendor/bundle/ruby/2.3.0/gems/actionpack-4.2.6/lib/action_dispatch/middleware/request_id.rb:21:in `call'
  vendor/bundle/ruby/2.3.0/gems/rack-1.6.10/lib/rack/methodoverride.rb:22:in `call'
  vendor/bundle/ruby/2.3.0/gems/rack-1.6.10/lib/rack/runtime.rb:18:in `call'
  vendor/bundle/ruby/2.3.0/gems/activesupport-4.2.6/lib/active_support/cache/strategy/local_cache_middleware.rb:28:in `call'
  vendor/bundle/ruby/2.3.0/gems/rack-1.6.10/lib/rack/lock.rb:17:in `call'
  vendor/bundle/ruby/2.3.0/gems/actionpack-4.2.6/lib/action_dispatch/middleware/static.rb:120:in `call'
  vendor/bundle/ruby/2.3.0/gems/rack-1.6.10/lib/rack/sendfile.rb:113:in `call'
  vendor/bundle/ruby/2.3.0/gems/railties-4.2.6/lib/rails/engine.rb:518:in `call'
  vendor/bundle/ruby/2.3.0/gems/railties-4.2.6/lib/rails/application.rb:165:in `call'
  vendor/bundle/ruby/2.3.0/gems/rack-1.6.10/lib/rack/lock.rb:17:in `call'
  vendor/bundle/ruby/2.3.0/gems/rack-1.6.10/lib/rack/content_length.rb:15:in `call'
  vendor/bundle/ruby/2.3.0/gems/rack-1.6.10/lib/rack/handler/webrick.rb:88:in `service'
  /usr/lib/ruby/2.3.0/webrick/httpserver.rb:140:in `service'
  /usr/lib/ruby/2.3.0/webrick/httpserver.rb:96:in `run'
  /usr/lib/ruby/2.3.0/webrick/server.rb:296:in `block in start_thread'


  Rendered vendor/bundle/ruby/2.3.0/gems/actionpack-4.2.6/lib/action_dispatch/middleware/templates/rescues/unknown_action.html.erb within rescues/layout (0.4ms)


Started GET "/produtos/new" for 127.0.0.1 at 2018-08-24 15:18:16 -0300

AbstractController::ActionNotFound (The action 'new' could not be found for ProdutosController):
  vendor/bundle/ruby/2.3.0/gems/actionpack-4.2.6/lib/abstract_controller/base.rb:132:in `process'
  vendor/bundle/ruby/2.3.0/gems/actionview-4.2.6/lib/action_view/rendering.rb:30:in `process'
  vendor/bundle/ruby/2.3.0/gems/actionpack-4.2.6/lib/action_controller/metal.rb:196:in `dispatch'
  vendor/bundle/ruby/2.3.0/gems/actionpack-4.2.6/lib/action_controller/metal/rack_delegation.rb:13:in `dispatch'
  vendor/bundle/ruby/2.3.0/gems/actionpack-4.2.6/lib/action_controller/metal.rb:237:in `block in action'
  vendor/bundle/ruby/2.3.0/gems/actionpack-4.2.6/lib/action_dispatch/routing/route_set.rb:74:in `dispatch'
  vendor/bundle/ruby/2.3.0/gems/actionpack-4.2.6/lib/action_dispatch/routing/route_set.rb:43:in `serve'
  vendor/bundle/ruby/2.3.0/gems/actionpack-4.2.6/lib/action_dispatch/journey/router.rb:43:in `block in serve'
  vendor/bundle/ruby/2.3.0/gems/actionpack-4.2.6/lib/action_dispatch/journey/router.rb:30:in `each'
  vendor/bundle/ruby/2.3.0/gems/actionpack-4.2.6/lib/action_dispatch/journey/router.rb:30:in `serve'
  vendor/bundle/ruby/2.3.0/gems/actionpack-4.2.6/lib/action_dispatch/routing/route_set.rb:817:in `call'
  vendor/bundle/ruby/2.3.0/gems/rack-1.6.10/lib/rack/etag.rb:24:in `call'
  vendor/bundle/ruby/2.3.0/gems/rack-1.6.10/lib/rack/conditionalget.rb:25:in `call'
  vendor/bundle/ruby/2.3.0/gems/rack-1.6.10/lib/rack/head.rb:13:in `call'
  vendor/bundle/ruby/2.3.0/gems/actionpack-4.2.6/lib/action_dispatch/middleware/params_parser.rb:27:in `call'
  vendor/bundle/ruby/2.3.0/gems/actionpack-4.2.6/lib/action_dispatch/middleware/flash.rb:260:in `call'
  vendor/bundle/ruby/2.3.0/gems/rack-1.6.10/lib/rack/session/abstract/id.rb:225:in `context'
  vendor/bundle/ruby/2.3.0/gems/rack-1.6.10/lib/rack/session/abstract/id.rb:220:in `call'
  vendor/bundle/ruby/2.3.0/gems/actionpack-4.2.6/lib/action_dispatch/middleware/cookies.rb:560:in `call'
  vendor/bundle/ruby/2.3.0/gems/activerecord-4.2.6/lib/active_record/query_cache.rb:36:in `call'
  vendor/bundle/ruby/2.3.0/gems/activerecord-4.2.6/lib/active_record/connection_adapters/abstract/connection_pool.rb:653:in `call'
  vendor/bundle/ruby/2.3.0/gems/activerecord-4.2.6/lib/active_record/migration.rb:377:in `call'
  vendor/bundle/ruby/2.3.0/gems/actionpack-4.2.6/lib/action_dispatch/middleware/callbacks.rb:29:in `block in call'
  vendor/bundle/ruby/2.3.0/gems/activesupport-4.2.6/lib/active_support/callbacks.rb:88:in `__run_callbacks__'
  vendor/bundle/ruby/2.3.0/gems/activesupport-4.2.6/lib/active_support/callbacks.rb:778:in `_run_call_callbacks'
  vendor/bundle/ruby/2.3.0/gems/activesupport-4.2.6/lib/active_support/callbacks.rb:81:in `run_callbacks'
  vendor/bundle/ruby/2.3.0/gems/actionpack-4.2.6/lib/action_dispatch/middleware/callbacks.rb:27:in `call'
  vendor/bundle/ruby/2.3.0/gems/actionpack-4.2.6/lib/action_dispatch/middleware/reloader.rb:73:in `call'
  vendor/bundle/ruby/2.3.0/gems/actionpack-4.2.6/lib/action_dispatch/middleware/remote_ip.rb:78:in `call'
  vendor/bundle/ruby/2.3.0/gems/actionpack-4.2.6/lib/action_dispatch/middleware/debug_exceptions.rb:17:in `call'
  vendor/bundle/ruby/2.3.0/gems/actionpack-4.2.6/lib/action_dispatch/middleware/show_exceptions.rb:30:in `call'
  vendor/bundle/ruby/2.3.0/gems/railties-4.2.6/lib/rails/rack/logger.rb:38:in `call_app'
  vendor/bundle/ruby/2.3.0/gems/railties-4.2.6/lib/rails/rack/logger.rb:20:in `block in call'
  vendor/bundle/ruby/2.3.0/gems/activesupport-4.2.6/lib/active_support/tagged_logging.rb:68:in `block in tagged'
  vendor/bundle/ruby/2.3.0/gems/activesupport-4.2.6/lib/active_support/tagged_logging.rb:26:in `tagged'
  vendor/bundle/ruby/2.3.0/gems/activesupport-4.2.6/lib/active_support/tagged_logging.rb:68:in `tagged'
  vendor/bundle/ruby/2.3.0/gems/railties-4.2.6/lib/rails/rack/logger.rb:20:in `call'
  vendor/bundle/ruby/2.3.0/gems/actionpack-4.2.6/lib/action_dispatch/middleware/request_id.rb:21:in `call'
  vendor/bundle/ruby/2.3.0/gems/rack-1.6.10/lib/rack/methodoverride.rb:22:in `call'
  vendor/bundle/ruby/2.3.0/gems/rack-1.6.10/lib/rack/runtime.rb:18:in `call'
  vendor/bundle/ruby/2.3.0/gems/activesupport-4.2.6/lib/active_support/cache/strategy/local_cache_middleware.rb:28:in `call'
  vendor/bundle/ruby/2.3.0/gems/rack-1.6.10/lib/rack/lock.rb:17:in `call'
  vendor/bundle/ruby/2.3.0/gems/actionpack-4.2.6/lib/action_dispatch/middleware/static.rb:120:in `call'
  vendor/bundle/ruby/2.3.0/gems/rack-1.6.10/lib/rack/sendfile.rb:113:in `call'
  vendor/bundle/ruby/2.3.0/gems/railties-4.2.6/lib/rails/engine.rb:518:in `call'
  vendor/bundle/ruby/2.3.0/gems/railties-4.2.6/lib/rails/application.rb:165:in `call'
  vendor/bundle/ruby/2.3.0/gems/rack-1.6.10/lib/rack/lock.rb:17:in `call'
  vendor/bundle/ruby/2.3.0/gems/rack-1.6.10/lib/rack/content_length.rb:15:in `call'
  vendor/bundle/ruby/2.3.0/gems/rack-1.6.10/lib/rack/handler/webrick.rb:88:in `service'
  /usr/lib/ruby/2.3.0/webrick/httpserver.rb:140:in `service'
  /usr/lib/ruby/2.3.0/webrick/httpserver.rb:96:in `run'
  /usr/lib/ruby/2.3.0/webrick/server.rb:296:in `block in start_thread'


  Rendered vendor/bundle/ruby/2.3.0/gems/actionpack-4.2.6/lib/action_dispatch/middleware/templates/rescues/unknown_action.html.erb within rescues/layout (0.3ms)


Started GET "/produtos/new" for 127.0.0.1 at 2018-08-24 15:19:54 -0300

AbstractController::ActionNotFound (The action 'new' could not be found for ProdutosController):
  vendor/bundle/ruby/2.3.0/gems/actionpack-4.2.6/lib/abstract_controller/base.rb:132:in `process'
  vendor/bundle/ruby/2.3.0/gems/actionview-4.2.6/lib/action_view/rendering.rb:30:in `process'
  vendor/bundle/ruby/2.3.0/gems/actionpack-4.2.6/lib/action_controller/metal.rb:196:in `dispatch'
  vendor/bundle/ruby/2.3.0/gems/actionpack-4.2.6/lib/action_controller/metal/rack_delegation.rb:13:in `dispatch'
  vendor/bundle/ruby/2.3.0/gems/actionpack-4.2.6/lib/action_controller/metal.rb:237:in `block in action'
  vendor/bundle/ruby/2.3.0/gems/actionpack-4.2.6/lib/action_dispatch/routing/route_set.rb:74:in `dispatch'
  vendor/bundle/ruby/2.3.0/gems/actionpack-4.2.6/lib/action_dispatch/routing/route_set.rb:43:in `serve'
  vendor/bundle/ruby/2.3.0/gems/actionpack-4.2.6/lib/action_dispatch/journey/router.rb:43:in `block in serve'
  vendor/bundle/ruby/2.3.0/gems/actionpack-4.2.6/lib/action_dispatch/journey/router.rb:30:in `each'
  vendor/bundle/ruby/2.3.0/gems/actionpack-4.2.6/lib/action_dispatch/journey/router.rb:30:in `serve'
  vendor/bundle/ruby/2.3.0/gems/actionpack-4.2.6/lib/action_dispatch/routing/route_set.rb:817:in `call'
  vendor/bundle/ruby/2.3.0/gems/rack-1.6.10/lib/rack/etag.rb:24:in `call'
  vendor/bundle/ruby/2.3.0/gems/rack-1.6.10/lib/rack/conditionalget.rb:25:in `call'
  vendor/bundle/ruby/2.3.0/gems/rack-1.6.10/lib/rack/head.rb:13:in `call'
  vendor/bundle/ruby/2.3.0/gems/actionpack-4.2.6/lib/action_dispatch/middleware/params_parser.rb:27:in `call'
  vendor/bundle/ruby/2.3.0/gems/actionpack-4.2.6/lib/action_dispatch/middleware/flash.rb:260:in `call'
  vendor/bundle/ruby/2.3.0/gems/rack-1.6.10/lib/rack/session/abstract/id.rb:225:in `context'
  vendor/bundle/ruby/2.3.0/gems/rack-1.6.10/lib/rack/session/abstract/id.rb:220:in `call'
  vendor/bundle/ruby/2.3.0/gems/actionpack-4.2.6/lib/action_dispatch/middleware/cookies.rb:560:in `call'
  vendor/bundle/ruby/2.3.0/gems/activerecord-4.2.6/lib/active_record/query_cache.rb:36:in `call'
  vendor/bundle/ruby/2.3.0/gems/activerecord-4.2.6/lib/active_record/connection_adapters/abstract/connection_pool.rb:653:in `call'
  vendor/bundle/ruby/2.3.0/gems/activerecord-4.2.6/lib/active_record/migration.rb:377:in `call'
  vendor/bundle/ruby/2.3.0/gems/actionpack-4.2.6/lib/action_dispatch/middleware/callbacks.rb:29:in `block in call'
  vendor/bundle/ruby/2.3.0/gems/activesupport-4.2.6/lib/active_support/callbacks.rb:88:in `__run_callbacks__'
  vendor/bundle/ruby/2.3.0/gems/activesupport-4.2.6/lib/active_support/callbacks.rb:778:in `_run_call_callbacks'
  vendor/bundle/ruby/2.3.0/gems/activesupport-4.2.6/lib/active_support/callbacks.rb:81:in `run_callbacks'
  vendor/bundle/ruby/2.3.0/gems/actionpack-4.2.6/lib/action_dispatch/middleware/callbacks.rb:27:in `call'
  vendor/bundle/ruby/2.3.0/gems/actionpack-4.2.6/lib/action_dispatch/middleware/reloader.rb:73:in `call'
  vendor/bundle/ruby/2.3.0/gems/actionpack-4.2.6/lib/action_dispatch/middleware/remote_ip.rb:78:in `call'
  vendor/bundle/ruby/2.3.0/gems/actionpack-4.2.6/lib/action_dispatch/middleware/debug_exceptions.rb:17:in `call'
  vendor/bundle/ruby/2.3.0/gems/actionpack-4.2.6/lib/action_dispatch/middleware/show_exceptions.rb:30:in `call'
  vendor/bundle/ruby/2.3.0/gems/railties-4.2.6/lib/rails/rack/logger.rb:38:in `call_app'
  vendor/bundle/ruby/2.3.0/gems/railties-4.2.6/lib/rails/rack/logger.rb:20:in `block in call'
  vendor/bundle/ruby/2.3.0/gems/activesupport-4.2.6/lib/active_support/tagged_logging.rb:68:in `block in tagged'
  vendor/bundle/ruby/2.3.0/gems/activesupport-4.2.6/lib/active_support/tagged_logging.rb:26:in `tagged'
  vendor/bundle/ruby/2.3.0/gems/activesupport-4.2.6/lib/active_support/tagged_logging.rb:68:in `tagged'
  vendor/bundle/ruby/2.3.0/gems/railties-4.2.6/lib/rails/rack/logger.rb:20:in `call'
  vendor/bundle/ruby/2.3.0/gems/actionpack-4.2.6/lib/action_dispatch/middleware/request_id.rb:21:in `call'
  vendor/bundle/ruby/2.3.0/gems/rack-1.6.10/lib/rack/methodoverride.rb:22:in `call'
  vendor/bundle/ruby/2.3.0/gems/rack-1.6.10/lib/rack/runtime.rb:18:in `call'
  vendor/bundle/ruby/2.3.0/gems/activesupport-4.2.6/lib/active_support/cache/strategy/local_cache_middleware.rb:28:in `call'
  vendor/bundle/ruby/2.3.0/gems/rack-1.6.10/lib/rack/lock.rb:17:in `call'
  vendor/bundle/ruby/2.3.0/gems/actionpack-4.2.6/lib/action_dispatch/middleware/static.rb:120:in `call'
  vendor/bundle/ruby/2.3.0/gems/rack-1.6.10/lib/rack/sendfile.rb:113:in `call'
  vendor/bundle/ruby/2.3.0/gems/railties-4.2.6/lib/rails/engine.rb:518:in `call'
  vendor/bundle/ruby/2.3.0/gems/railties-4.2.6/lib/rails/application.rb:165:in `call'
  vendor/bundle/ruby/2.3.0/gems/rack-1.6.10/lib/rack/lock.rb:17:in `call'
  vendor/bundle/ruby/2.3.0/gems/rack-1.6.10/lib/rack/content_length.rb:15:in `call'
  vendor/bundle/ruby/2.3.0/gems/rack-1.6.10/lib/rack/handler/webrick.rb:88:in `service'
  /usr/lib/ruby/2.3.0/webrick/httpserver.rb:140:in `service'
  /usr/lib/ruby/2.3.0/webrick/httpserver.rb:96:in `run'
  /usr/lib/ruby/2.3.0/webrick/server.rb:296:in `block in start_thread'


  Rendered vendor/bundle/ruby/2.3.0/gems/actionpack-4.2.6/lib/action_dispatch/middleware/templates/rescues/unknown_action.html.erb within rescues/layout (0.3ms)


Started GET "/produtos/new" for 127.0.0.1 at 2018-08-24 15:21:24 -0300

AbstractController::ActionNotFound (The action 'new' could not be found for ProdutosController):
  vendor/bundle/ruby/2.3.0/gems/actionpack-4.2.6/lib/abstract_controller/base.rb:132:in `process'
  vendor/bundle/ruby/2.3.0/gems/actionview-4.2.6/lib/action_view/rendering.rb:30:in `process'
  vendor/bundle/ruby/2.3.0/gems/actionpack-4.2.6/lib/action_controller/metal.rb:196:in `dispatch'
  vendor/bundle/ruby/2.3.0/gems/actionpack-4.2.6/lib/action_controller/metal/rack_delegation.rb:13:in `dispatch'
  vendor/bundle/ruby/2.3.0/gems/actionpack-4.2.6/lib/action_controller/metal.rb:237:in `block in action'
  vendor/bundle/ruby/2.3.0/gems/actionpack-4.2.6/lib/action_dispatch/routing/route_set.rb:74:in `dispatch'
  vendor/bundle/ruby/2.3.0/gems/actionpack-4.2.6/lib/action_dispatch/routing/route_set.rb:43:in `serve'
  vendor/bundle/ruby/2.3.0/gems/actionpack-4.2.6/lib/action_dispatch/journey/router.rb:43:in `block in serve'
  vendor/bundle/ruby/2.3.0/gems/actionpack-4.2.6/lib/action_dispatch/journey/router.rb:30:in `each'
  vendor/bundle/ruby/2.3.0/gems/actionpack-4.2.6/lib/action_dispatch/journey/router.rb:30:in `serve'
  vendor/bundle/ruby/2.3.0/gems/actionpack-4.2.6/lib/action_dispatch/routing/route_set.rb:817:in `call'
  vendor/bundle/ruby/2.3.0/gems/rack-1.6.10/lib/rack/etag.rb:24:in `call'
  vendor/bundle/ruby/2.3.0/gems/rack-1.6.10/lib/rack/conditionalget.rb:25:in `call'
  vendor/bundle/ruby/2.3.0/gems/rack-1.6.10/lib/rack/head.rb:13:in `call'
  vendor/bundle/ruby/2.3.0/gems/actionpack-4.2.6/lib/action_dispatch/middleware/params_parser.rb:27:in `call'
  vendor/bundle/ruby/2.3.0/gems/actionpack-4.2.6/lib/action_dispatch/middleware/flash.rb:260:in `call'
  vendor/bundle/ruby/2.3.0/gems/rack-1.6.10/lib/rack/session/abstract/id.rb:225:in `context'
  vendor/bundle/ruby/2.3.0/gems/rack-1.6.10/lib/rack/session/abstract/id.rb:220:in `call'
  vendor/bundle/ruby/2.3.0/gems/actionpack-4.2.6/lib/action_dispatch/middleware/cookies.rb:560:in `call'
  vendor/bundle/ruby/2.3.0/gems/activerecord-4.2.6/lib/active_record/query_cache.rb:36:in `call'
  vendor/bundle/ruby/2.3.0/gems/activerecord-4.2.6/lib/active_record/connection_adapters/abstract/connection_pool.rb:653:in `call'
  vendor/bundle/ruby/2.3.0/gems/activerecord-4.2.6/lib/active_record/migration.rb:377:in `call'
  vendor/bundle/ruby/2.3.0/gems/actionpack-4.2.6/lib/action_dispatch/middleware/callbacks.rb:29:in `block in call'
  vendor/bundle/ruby/2.3.0/gems/activesupport-4.2.6/lib/active_support/callbacks.rb:88:in `__run_callbacks__'
  vendor/bundle/ruby/2.3.0/gems/activesupport-4.2.6/lib/active_support/callbacks.rb:778:in `_run_call_callbacks'
  vendor/bundle/ruby/2.3.0/gems/activesupport-4.2.6/lib/active_support/callbacks.rb:81:in `run_callbacks'
  vendor/bundle/ruby/2.3.0/gems/actionpack-4.2.6/lib/action_dispatch/middleware/callbacks.rb:27:in `call'
  vendor/bundle/ruby/2.3.0/gems/actionpack-4.2.6/lib/action_dispatch/middleware/reloader.rb:73:in `call'
  vendor/bundle/ruby/2.3.0/gems/actionpack-4.2.6/lib/action_dispatch/middleware/remote_ip.rb:78:in `call'
  vendor/bundle/ruby/2.3.0/gems/actionpack-4.2.6/lib/action_dispatch/middleware/debug_exceptions.rb:17:in `call'
  vendor/bundle/ruby/2.3.0/gems/actionpack-4.2.6/lib/action_dispatch/middleware/show_exceptions.rb:30:in `call'
  vendor/bundle/ruby/2.3.0/gems/railties-4.2.6/lib/rails/rack/logger.rb:38:in `call_app'
  vendor/bundle/ruby/2.3.0/gems/railties-4.2.6/lib/rails/rack/logger.rb:20:in `block in call'
  vendor/bundle/ruby/2.3.0/gems/activesupport-4.2.6/lib/active_support/tagged_logging.rb:68:in `block in tagged'
  vendor/bundle/ruby/2.3.0/gems/activesupport-4.2.6/lib/active_support/tagged_logging.rb:26:in `tagged'
  vendor/bundle/ruby/2.3.0/gems/activesupport-4.2.6/lib/active_support/tagged_logging.rb:68:in `tagged'
  vendor/bundle/ruby/2.3.0/gems/railties-4.2.6/lib/rails/rack/logger.rb:20:in `call'
  vendor/bundle/ruby/2.3.0/gems/actionpack-4.2.6/lib/action_dispatch/middleware/request_id.rb:21:in `call'
  vendor/bundle/ruby/2.3.0/gems/rack-1.6.10/lib/rack/methodoverride.rb:22:in `call'
  vendor/bundle/ruby/2.3.0/gems/rack-1.6.10/lib/rack/runtime.rb:18:in `call'
  vendor/bundle/ruby/2.3.0/gems/activesupport-4.2.6/lib/active_support/cache/strategy/local_cache_middleware.rb:28:in `call'
  vendor/bundle/ruby/2.3.0/gems/rack-1.6.10/lib/rack/lock.rb:17:in `call'
  vendor/bundle/ruby/2.3.0/gems/actionpack-4.2.6/lib/action_dispatch/middleware/static.rb:120:in `call'
  vendor/bundle/ruby/2.3.0/gems/rack-1.6.10/lib/rack/sendfile.rb:113:in `call'
  vendor/bundle/ruby/2.3.0/gems/railties-4.2.6/lib/rails/engine.rb:518:in `call'
  vendor/bundle/ruby/2.3.0/gems/railties-4.2.6/lib/rails/application.rb:165:in `call'
  vendor/bundle/ruby/2.3.0/gems/rack-1.6.10/lib/rack/lock.rb:17:in `call'
  vendor/bundle/ruby/2.3.0/gems/rack-1.6.10/lib/rack/content_length.rb:15:in `call'
  vendor/bundle/ruby/2.3.0/gems/rack-1.6.10/lib/rack/handler/webrick.rb:88:in `service'
  /usr/lib/ruby/2.3.0/webrick/httpserver.rb:140:in `service'
  /usr/lib/ruby/2.3.0/webrick/httpserver.rb:96:in `run'
  /usr/lib/ruby/2.3.0/webrick/server.rb:296:in `block in start_thread'


  Rendered vendor/bundle/ruby/2.3.0/gems/actionpack-4.2.6/lib/action_dispatch/middleware/templates/rescues/unknown_action.html.erb within rescues/layout (0.3ms)


Started GET "/produtos/new" for 127.0.0.1 at 2018-08-24 15:21:32 -0300
  [1m[36mActiveRecord::SchemaMigration Load (0.1ms)[0m  [1mSELECT "schema_migrations".* FROM "schema_migrations"[0m

AbstractController::ActionNotFound (The action 'new' could not be found for ProdutosController):
  vendor/bundle/ruby/2.3.0/gems/actionpack-4.2.6/lib/abstract_controller/base.rb:132:in `process'
  vendor/bundle/ruby/2.3.0/gems/actionview-4.2.6/lib/action_view/rendering.rb:30:in `process'
  vendor/bundle/ruby/2.3.0/gems/actionpack-4.2.6/lib/action_controller/metal.rb:196:in `dispatch'
  vendor/bundle/ruby/2.3.0/gems/actionpack-4.2.6/lib/action_controller/metal/rack_delegation.rb:13:in `dispatch'
  vendor/bundle/ruby/2.3.0/gems/actionpack-4.2.6/lib/action_controller/metal.rb:237:in `block in action'
  vendor/bundle/ruby/2.3.0/gems/actionpack-4.2.6/lib/action_dispatch/routing/route_set.rb:74:in `dispatch'
  vendor/bundle/ruby/2.3.0/gems/actionpack-4.2.6/lib/action_dispatch/routing/route_set.rb:43:in `serve'
  vendor/bundle/ruby/2.3.0/gems/actionpack-4.2.6/lib/action_dispatch/journey/router.rb:43:in `block in serve'
  vendor/bundle/ruby/2.3.0/gems/actionpack-4.2.6/lib/action_dispatch/journey/router.rb:30:in `each'
  vendor/bundle/ruby/2.3.0/gems/actionpack-4.2.6/lib/action_dispatch/journey/router.rb:30:in `serve'
  vendor/bundle/ruby/2.3.0/gems/actionpack-4.2.6/lib/action_dispatch/routing/route_set.rb:817:in `call'
  vendor/bundle/ruby/2.3.0/gems/rack-1.6.10/lib/rack/etag.rb:24:in `call'
  vendor/bundle/ruby/2.3.0/gems/rack-1.6.10/lib/rack/conditionalget.rb:25:in `call'
  vendor/bundle/ruby/2.3.0/gems/rack-1.6.10/lib/rack/head.rb:13:in `call'
  vendor/bundle/ruby/2.3.0/gems/actionpack-4.2.6/lib/action_dispatch/middleware/params_parser.rb:27:in `call'
  vendor/bundle/ruby/2.3.0/gems/actionpack-4.2.6/lib/action_dispatch/middleware/flash.rb:260:in `call'
  vendor/bundle/ruby/2.3.0/gems/rack-1.6.10/lib/rack/session/abstract/id.rb:225:in `context'
  vendor/bundle/ruby/2.3.0/gems/rack-1.6.10/lib/rack/session/abstract/id.rb:220:in `call'
  vendor/bundle/ruby/2.3.0/gems/actionpack-4.2.6/lib/action_dispatch/middleware/cookies.rb:560:in `call'
  vendor/bundle/ruby/2.3.0/gems/activerecord-4.2.6/lib/active_record/query_cache.rb:36:in `call'
  vendor/bundle/ruby/2.3.0/gems/activerecord-4.2.6/lib/active_record/connection_adapters/abstract/connection_pool.rb:653:in `call'
  vendor/bundle/ruby/2.3.0/gems/activerecord-4.2.6/lib/active_record/migration.rb:377:in `call'
  vendor/bundle/ruby/2.3.0/gems/actionpack-4.2.6/lib/action_dispatch/middleware/callbacks.rb:29:in `block in call'
  vendor/bundle/ruby/2.3.0/gems/activesupport-4.2.6/lib/active_support/callbacks.rb:88:in `__run_callbacks__'
  vendor/bundle/ruby/2.3.0/gems/activesupport-4.2.6/lib/active_support/callbacks.rb:778:in `_run_call_callbacks'
  vendor/bundle/ruby/2.3.0/gems/activesupport-4.2.6/lib/active_support/callbacks.rb:81:in `run_callbacks'
  vendor/bundle/ruby/2.3.0/gems/actionpack-4.2.6/lib/action_dispatch/middleware/callbacks.rb:27:in `call'
  vendor/bundle/ruby/2.3.0/gems/actionpack-4.2.6/lib/action_dispatch/middleware/reloader.rb:73:in `call'
  vendor/bundle/ruby/2.3.0/gems/actionpack-4.2.6/lib/action_dispatch/middleware/remote_ip.rb:78:in `call'
  vendor/bundle/ruby/2.3.0/gems/actionpack-4.2.6/lib/action_dispatch/middleware/debug_exceptions.rb:17:in `call'
  vendor/bundle/ruby/2.3.0/gems/actionpack-4.2.6/lib/action_dispatch/middleware/show_exceptions.rb:30:in `call'
  vendor/bundle/ruby/2.3.0/gems/railties-4.2.6/lib/rails/rack/logger.rb:38:in `call_app'
  vendor/bundle/ruby/2.3.0/gems/railties-4.2.6/lib/rails/rack/logger.rb:20:in `block in call'
  vendor/bundle/ruby/2.3.0/gems/activesupport-4.2.6/lib/active_support/tagged_logging.rb:68:in `block in tagged'
  vendor/bundle/ruby/2.3.0/gems/activesupport-4.2.6/lib/active_support/tagged_logging.rb:26:in `tagged'
  vendor/bundle/ruby/2.3.0/gems/activesupport-4.2.6/lib/active_support/tagged_logging.rb:68:in `tagged'
  vendor/bundle/ruby/2.3.0/gems/railties-4.2.6/lib/rails/rack/logger.rb:20:in `call'
  vendor/bundle/ruby/2.3.0/gems/actionpack-4.2.6/lib/action_dispatch/middleware/request_id.rb:21:in `call'
  vendor/bundle/ruby/2.3.0/gems/rack-1.6.10/lib/rack/methodoverride.rb:22:in `call'
  vendor/bundle/ruby/2.3.0/gems/rack-1.6.10/lib/rack/runtime.rb:18:in `call'
  vendor/bundle/ruby/2.3.0/gems/activesupport-4.2.6/lib/active_support/cache/strategy/local_cache_middleware.rb:28:in `call'
  vendor/bundle/ruby/2.3.0/gems/rack-1.6.10/lib/rack/lock.rb:17:in `call'
  vendor/bundle/ruby/2.3.0/gems/actionpack-4.2.6/lib/action_dispatch/middleware/static.rb:120:in `call'
  vendor/bundle/ruby/2.3.0/gems/rack-1.6.10/lib/rack/sendfile.rb:113:in `call'
  vendor/bundle/ruby/2.3.0/gems/railties-4.2.6/lib/rails/engine.rb:518:in `call'
  vendor/bundle/ruby/2.3.0/gems/railties-4.2.6/lib/rails/application.rb:165:in `call'
  vendor/bundle/ruby/2.3.0/gems/rack-1.6.10/lib/rack/lock.rb:17:in `call'
  vendor/bundle/ruby/2.3.0/gems/rack-1.6.10/lib/rack/content_length.rb:15:in `call'
  vendor/bundle/ruby/2.3.0/gems/rack-1.6.10/lib/rack/handler/webrick.rb:88:in `service'
  /usr/lib/ruby/2.3.0/webrick/httpserver.rb:140:in `service'
  /usr/lib/ruby/2.3.0/webrick/httpserver.rb:96:in `run'
  /usr/lib/ruby/2.3.0/webrick/server.rb:296:in `block in start_thread'


  Rendered vendor/bundle/ruby/2.3.0/gems/actionpack-4.2.6/lib/action_dispatch/middleware/templates/rescues/unknown_action.html.erb within rescues/layout (0.9ms)


Started GET "/produtos/new" for 127.0.0.1 at 2018-08-24 15:21:33 -0300

AbstractController::ActionNotFound (The action 'new' could not be found for ProdutosController):
  vendor/bundle/ruby/2.3.0/gems/actionpack-4.2.6/lib/abstract_controller/base.rb:132:in `process'
  vendor/bundle/ruby/2.3.0/gems/actionview-4.2.6/lib/action_view/rendering.rb:30:in `process'
  vendor/bundle/ruby/2.3.0/gems/actionpack-4.2.6/lib/action_controller/metal.rb:196:in `dispatch'
  vendor/bundle/ruby/2.3.0/gems/actionpack-4.2.6/lib/action_controller/metal/rack_delegation.rb:13:in `dispatch'
  vendor/bundle/ruby/2.3.0/gems/actionpack-4.2.6/lib/action_controller/metal.rb:237:in `block in action'
  vendor/bundle/ruby/2.3.0/gems/actionpack-4.2.6/lib/action_dispatch/routing/route_set.rb:74:in `dispatch'
  vendor/bundle/ruby/2.3.0/gems/actionpack-4.2.6/lib/action_dispatch/routing/route_set.rb:43:in `serve'
  vendor/bundle/ruby/2.3.0/gems/actionpack-4.2.6/lib/action_dispatch/journey/router.rb:43:in `block in serve'
  vendor/bundle/ruby/2.3.0/gems/actionpack-4.2.6/lib/action_dispatch/journey/router.rb:30:in `each'
  vendor/bundle/ruby/2.3.0/gems/actionpack-4.2.6/lib/action_dispatch/journey/router.rb:30:in `serve'
  vendor/bundle/ruby/2.3.0/gems/actionpack-4.2.6/lib/action_dispatch/routing/route_set.rb:817:in `call'
  vendor/bundle/ruby/2.3.0/gems/rack-1.6.10/lib/rack/etag.rb:24:in `call'
  vendor/bundle/ruby/2.3.0/gems/rack-1.6.10/lib/rack/conditionalget.rb:25:in `call'
  vendor/bundle/ruby/2.3.0/gems/rack-1.6.10/lib/rack/head.rb:13:in `call'
  vendor/bundle/ruby/2.3.0/gems/actionpack-4.2.6/lib/action_dispatch/middleware/params_parser.rb:27:in `call'
  vendor/bundle/ruby/2.3.0/gems/actionpack-4.2.6/lib/action_dispatch/middleware/flash.rb:260:in `call'
  vendor/bundle/ruby/2.3.0/gems/rack-1.6.10/lib/rack/session/abstract/id.rb:225:in `context'
  vendor/bundle/ruby/2.3.0/gems/rack-1.6.10/lib/rack/session/abstract/id.rb:220:in `call'
  vendor/bundle/ruby/2.3.0/gems/actionpack-4.2.6/lib/action_dispatch/middleware/cookies.rb:560:in `call'
  vendor/bundle/ruby/2.3.0/gems/activerecord-4.2.6/lib/active_record/query_cache.rb:36:in `call'
  vendor/bundle/ruby/2.3.0/gems/activerecord-4.2.6/lib/active_record/connection_adapters/abstract/connection_pool.rb:653:in `call'
  vendor/bundle/ruby/2.3.0/gems/activerecord-4.2.6/lib/active_record/migration.rb:377:in `call'
  vendor/bundle/ruby/2.3.0/gems/actionpack-4.2.6/lib/action_dispatch/middleware/callbacks.rb:29:in `block in call'
  vendor/bundle/ruby/2.3.0/gems/activesupport-4.2.6/lib/active_support/callbacks.rb:88:in `__run_callbacks__'
  vendor/bundle/ruby/2.3.0/gems/activesupport-4.2.6/lib/active_support/callbacks.rb:778:in `_run_call_callbacks'
  vendor/bundle/ruby/2.3.0/gems/activesupport-4.2.6/lib/active_support/callbacks.rb:81:in `run_callbacks'
  vendor/bundle/ruby/2.3.0/gems/actionpack-4.2.6/lib/action_dispatch/middleware/callbacks.rb:27:in `call'
  vendor/bundle/ruby/2.3.0/gems/actionpack-4.2.6/lib/action_dispatch/middleware/reloader.rb:73:in `call'
  vendor/bundle/ruby/2.3.0/gems/actionpack-4.2.6/lib/action_dispatch/middleware/remote_ip.rb:78:in `call'
  vendor/bundle/ruby/2.3.0/gems/actionpack-4.2.6/lib/action_dispatch/middleware/debug_exceptions.rb:17:in `call'
  vendor/bundle/ruby/2.3.0/gems/actionpack-4.2.6/lib/action_dispatch/middleware/show_exceptions.rb:30:in `call'
  vendor/bundle/ruby/2.3.0/gems/railties-4.2.6/lib/rails/rack/logger.rb:38:in `call_app'
  vendor/bundle/ruby/2.3.0/gems/railties-4.2.6/lib/rails/rack/logger.rb:20:in `block in call'
  vendor/bundle/ruby/2.3.0/gems/activesupport-4.2.6/lib/active_support/tagged_logging.rb:68:in `block in tagged'
  vendor/bundle/ruby/2.3.0/gems/activesupport-4.2.6/lib/active_support/tagged_logging.rb:26:in `tagged'
  vendor/bundle/ruby/2.3.0/gems/activesupport-4.2.6/lib/active_support/tagged_logging.rb:68:in `tagged'
  vendor/bundle/ruby/2.3.0/gems/railties-4.2.6/lib/rails/rack/logger.rb:20:in `call'
  vendor/bundle/ruby/2.3.0/gems/actionpack-4.2.6/lib/action_dispatch/middleware/request_id.rb:21:in `call'
  vendor/bundle/ruby/2.3.0/gems/rack-1.6.10/lib/rack/methodoverride.rb:22:in `call'
  vendor/bundle/ruby/2.3.0/gems/rack-1.6.10/lib/rack/runtime.rb:18:in `call'
  vendor/bundle/ruby/2.3.0/gems/activesupport-4.2.6/lib/active_support/cache/strategy/local_cache_middleware.rb:28:in `call'
  vendor/bundle/ruby/2.3.0/gems/rack-1.6.10/lib/rack/lock.rb:17:in `call'
  vendor/bundle/ruby/2.3.0/gems/actionpack-4.2.6/lib/action_dispatch/middleware/static.rb:120:in `call'
  vendor/bundle/ruby/2.3.0/gems/rack-1.6.10/lib/rack/sendfile.rb:113:in `call'
  vendor/bundle/ruby/2.3.0/gems/railties-4.2.6/lib/rails/engine.rb:518:in `call'
  vendor/bundle/ruby/2.3.0/gems/railties-4.2.6/lib/rails/application.rb:165:in `call'
  vendor/bundle/ruby/2.3.0/gems/rack-1.6.10/lib/rack/lock.rb:17:in `call'
  vendor/bundle/ruby/2.3.0/gems/rack-1.6.10/lib/rack/content_length.rb:15:in `call'
  vendor/bundle/ruby/2.3.0/gems/rack-1.6.10/lib/rack/handler/webrick.rb:88:in `service'
  /usr/lib/ruby/2.3.0/webrick/httpserver.rb:140:in `service'
  /usr/lib/ruby/2.3.0/webrick/httpserver.rb:96:in `run'
  /usr/lib/ruby/2.3.0/webrick/server.rb:296:in `block in start_thread'


  Rendered vendor/bundle/ruby/2.3.0/gems/actionpack-4.2.6/lib/action_dispatch/middleware/templates/rescues/unknown_action.html.erb within rescues/layout (0.3ms)


Started GET "/produtos/new" for 127.0.0.1 at 2018-08-24 15:21:34 -0300

AbstractController::ActionNotFound (The action 'new' could not be found for ProdutosController):
  vendor/bundle/ruby/2.3.0/gems/actionpack-4.2.6/lib/abstract_controller/base.rb:132:in `process'
  vendor/bundle/ruby/2.3.0/gems/actionview-4.2.6/lib/action_view/rendering.rb:30:in `process'
  vendor/bundle/ruby/2.3.0/gems/actionpack-4.2.6/lib/action_controller/metal.rb:196:in `dispatch'
  vendor/bundle/ruby/2.3.0/gems/actionpack-4.2.6/lib/action_controller/metal/rack_delegation.rb:13:in `dispatch'
  vendor/bundle/ruby/2.3.0/gems/actionpack-4.2.6/lib/action_controller/metal.rb:237:in `block in action'
  vendor/bundle/ruby/2.3.0/gems/actionpack-4.2.6/lib/action_dispatch/routing/route_set.rb:74:in `dispatch'
  vendor/bundle/ruby/2.3.0/gems/actionpack-4.2.6/lib/action_dispatch/routing/route_set.rb:43:in `serve'
  vendor/bundle/ruby/2.3.0/gems/actionpack-4.2.6/lib/action_dispatch/journey/router.rb:43:in `block in serve'
  vendor/bundle/ruby/2.3.0/gems/actionpack-4.2.6/lib/action_dispatch/journey/router.rb:30:in `each'
  vendor/bundle/ruby/2.3.0/gems/actionpack-4.2.6/lib/action_dispatch/journey/router.rb:30:in `serve'
  vendor/bundle/ruby/2.3.0/gems/actionpack-4.2.6/lib/action_dispatch/routing/route_set.rb:817:in `call'
  vendor/bundle/ruby/2.3.0/gems/rack-1.6.10/lib/rack/etag.rb:24:in `call'
  vendor/bundle/ruby/2.3.0/gems/rack-1.6.10/lib/rack/conditionalget.rb:25:in `call'
  vendor/bundle/ruby/2.3.0/gems/rack-1.6.10/lib/rack/head.rb:13:in `call'
  vendor/bundle/ruby/2.3.0/gems/actionpack-4.2.6/lib/action_dispatch/middleware/params_parser.rb:27:in `call'
  vendor/bundle/ruby/2.3.0/gems/actionpack-4.2.6/lib/action_dispatch/middleware/flash.rb:260:in `call'
  vendor/bundle/ruby/2.3.0/gems/rack-1.6.10/lib/rack/session/abstract/id.rb:225:in `context'
  vendor/bundle/ruby/2.3.0/gems/rack-1.6.10/lib/rack/session/abstract/id.rb:220:in `call'
  vendor/bundle/ruby/2.3.0/gems/actionpack-4.2.6/lib/action_dispatch/middleware/cookies.rb:560:in `call'
  vendor/bundle/ruby/2.3.0/gems/activerecord-4.2.6/lib/active_record/query_cache.rb:36:in `call'
  vendor/bundle/ruby/2.3.0/gems/activerecord-4.2.6/lib/active_record/connection_adapters/abstract/connection_pool.rb:653:in `call'
  vendor/bundle/ruby/2.3.0/gems/activerecord-4.2.6/lib/active_record/migration.rb:377:in `call'
  vendor/bundle/ruby/2.3.0/gems/actionpack-4.2.6/lib/action_dispatch/middleware/callbacks.rb:29:in `block in call'
  vendor/bundle/ruby/2.3.0/gems/activesupport-4.2.6/lib/active_support/callbacks.rb:88:in `__run_callbacks__'
  vendor/bundle/ruby/2.3.0/gems/activesupport-4.2.6/lib/active_support/callbacks.rb:778:in `_run_call_callbacks'
  vendor/bundle/ruby/2.3.0/gems/activesupport-4.2.6/lib/active_support/callbacks.rb:81:in `run_callbacks'
  vendor/bundle/ruby/2.3.0/gems/actionpack-4.2.6/lib/action_dispatch/middleware/callbacks.rb:27:in `call'
  vendor/bundle/ruby/2.3.0/gems/actionpack-4.2.6/lib/action_dispatch/middleware/reloader.rb:73:in `call'
  vendor/bundle/ruby/2.3.0/gems/actionpack-4.2.6/lib/action_dispatch/middleware/remote_ip.rb:78:in `call'
  vendor/bundle/ruby/2.3.0/gems/actionpack-4.2.6/lib/action_dispatch/middleware/debug_exceptions.rb:17:in `call'
  vendor/bundle/ruby/2.3.0/gems/actionpack-4.2.6/lib/action_dispatch/middleware/show_exceptions.rb:30:in `call'
  vendor/bundle/ruby/2.3.0/gems/railties-4.2.6/lib/rails/rack/logger.rb:38:in `call_app'
  vendor/bundle/ruby/2.3.0/gems/railties-4.2.6/lib/rails/rack/logger.rb:20:in `block in call'
  vendor/bundle/ruby/2.3.0/gems/activesupport-4.2.6/lib/active_support/tagged_logging.rb:68:in `block in tagged'
  vendor/bundle/ruby/2.3.0/gems/activesupport-4.2.6/lib/active_support/tagged_logging.rb:26:in `tagged'
  vendor/bundle/ruby/2.3.0/gems/activesupport-4.2.6/lib/active_support/tagged_logging.rb:68:in `tagged'
  vendor/bundle/ruby/2.3.0/gems/railties-4.2.6/lib/rails/rack/logger.rb:20:in `call'
  vendor/bundle/ruby/2.3.0/gems/actionpack-4.2.6/lib/action_dispatch/middleware/request_id.rb:21:in `call'
  vendor/bundle/ruby/2.3.0/gems/rack-1.6.10/lib/rack/methodoverride.rb:22:in `call'
  vendor/bundle/ruby/2.3.0/gems/rack-1.6.10/lib/rack/runtime.rb:18:in `call'
  vendor/bundle/ruby/2.3.0/gems/activesupport-4.2.6/lib/active_support/cache/strategy/local_cache_middleware.rb:28:in `call'
  vendor/bundle/ruby/2.3.0/gems/rack-1.6.10/lib/rack/lock.rb:17:in `call'
  vendor/bundle/ruby/2.3.0/gems/actionpack-4.2.6/lib/action_dispatch/middleware/static.rb:120:in `call'
  vendor/bundle/ruby/2.3.0/gems/rack-1.6.10/lib/rack/sendfile.rb:113:in `call'
  vendor/bundle/ruby/2.3.0/gems/railties-4.2.6/lib/rails/engine.rb:518:in `call'
  vendor/bundle/ruby/2.3.0/gems/railties-4.2.6/lib/rails/application.rb:165:in `call'
  vendor/bundle/ruby/2.3.0/gems/rack-1.6.10/lib/rack/lock.rb:17:in `call'
  vendor/bundle/ruby/2.3.0/gems/rack-1.6.10/lib/rack/content_length.rb:15:in `call'
  vendor/bundle/ruby/2.3.0/gems/rack-1.6.10/lib/rack/handler/webrick.rb:88:in `service'
  /usr/lib/ruby/2.3.0/webrick/httpserver.rb:140:in `service'
  /usr/lib/ruby/2.3.0/webrick/httpserver.rb:96:in `run'
  /usr/lib/ruby/2.3.0/webrick/server.rb:296:in `block in start_thread'


  Rendered vendor/bundle/ruby/2.3.0/gems/actionpack-4.2.6/lib/action_dispatch/middleware/templates/rescues/unknown_action.html.erb within rescues/layout (0.3ms)


Started GET "/produtos/new" for 127.0.0.1 at 2018-08-24 15:21:35 -0300

AbstractController::ActionNotFound (The action 'new' could not be found for ProdutosController):
  vendor/bundle/ruby/2.3.0/gems/actionpack-4.2.6/lib/abstract_controller/base.rb:132:in `process'
  vendor/bundle/ruby/2.3.0/gems/actionview-4.2.6/lib/action_view/rendering.rb:30:in `process'
  vendor/bundle/ruby/2.3.0/gems/actionpack-4.2.6/lib/action_controller/metal.rb:196:in `dispatch'
  vendor/bundle/ruby/2.3.0/gems/actionpack-4.2.6/lib/action_controller/metal/rack_delegation.rb:13:in `dispatch'
  vendor/bundle/ruby/2.3.0/gems/actionpack-4.2.6/lib/action_controller/metal.rb:237:in `block in action'
  vendor/bundle/ruby/2.3.0/gems/actionpack-4.2.6/lib/action_dispatch/routing/route_set.rb:74:in `dispatch'
  vendor/bundle/ruby/2.3.0/gems/actionpack-4.2.6/lib/action_dispatch/routing/route_set.rb:43:in `serve'
  vendor/bundle/ruby/2.3.0/gems/actionpack-4.2.6/lib/action_dispatch/journey/router.rb:43:in `block in serve'
  vendor/bundle/ruby/2.3.0/gems/actionpack-4.2.6/lib/action_dispatch/journey/router.rb:30:in `each'
  vendor/bundle/ruby/2.3.0/gems/actionpack-4.2.6/lib/action_dispatch/journey/router.rb:30:in `serve'
  vendor/bundle/ruby/2.3.0/gems/actionpack-4.2.6/lib/action_dispatch/routing/route_set.rb:817:in `call'
  vendor/bundle/ruby/2.3.0/gems/rack-1.6.10/lib/rack/etag.rb:24:in `call'
  vendor/bundle/ruby/2.3.0/gems/rack-1.6.10/lib/rack/conditionalget.rb:25:in `call'
  vendor/bundle/ruby/2.3.0/gems/rack-1.6.10/lib/rack/head.rb:13:in `call'
  vendor/bundle/ruby/2.3.0/gems/actionpack-4.2.6/lib/action_dispatch/middleware/params_parser.rb:27:in `call'
  vendor/bundle/ruby/2.3.0/gems/actionpack-4.2.6/lib/action_dispatch/middleware/flash.rb:260:in `call'
  vendor/bundle/ruby/2.3.0/gems/rack-1.6.10/lib/rack/session/abstract/id.rb:225:in `context'
  vendor/bundle/ruby/2.3.0/gems/rack-1.6.10/lib/rack/session/abstract/id.rb:220:in `call'
  vendor/bundle/ruby/2.3.0/gems/actionpack-4.2.6/lib/action_dispatch/middleware/cookies.rb:560:in `call'
  vendor/bundle/ruby/2.3.0/gems/activerecord-4.2.6/lib/active_record/query_cache.rb:36:in `call'
  vendor/bundle/ruby/2.3.0/gems/activerecord-4.2.6/lib/active_record/connection_adapters/abstract/connection_pool.rb:653:in `call'
  vendor/bundle/ruby/2.3.0/gems/activerecord-4.2.6/lib/active_record/migration.rb:377:in `call'
  vendor/bundle/ruby/2.3.0/gems/actionpack-4.2.6/lib/action_dispatch/middleware/callbacks.rb:29:in `block in call'
  vendor/bundle/ruby/2.3.0/gems/activesupport-4.2.6/lib/active_support/callbacks.rb:88:in `__run_callbacks__'
  vendor/bundle/ruby/2.3.0/gems/activesupport-4.2.6/lib/active_support/callbacks.rb:778:in `_run_call_callbacks'
  vendor/bundle/ruby/2.3.0/gems/activesupport-4.2.6/lib/active_support/callbacks.rb:81:in `run_callbacks'
  vendor/bundle/ruby/2.3.0/gems/actionpack-4.2.6/lib/action_dispatch/middleware/callbacks.rb:27:in `call'
  vendor/bundle/ruby/2.3.0/gems/actionpack-4.2.6/lib/action_dispatch/middleware/reloader.rb:73:in `call'
  vendor/bundle/ruby/2.3.0/gems/actionpack-4.2.6/lib/action_dispatch/middleware/remote_ip.rb:78:in `call'
  vendor/bundle/ruby/2.3.0/gems/actionpack-4.2.6/lib/action_dispatch/middleware/debug_exceptions.rb:17:in `call'
  vendor/bundle/ruby/2.3.0/gems/actionpack-4.2.6/lib/action_dispatch/middleware/show_exceptions.rb:30:in `call'
  vendor/bundle/ruby/2.3.0/gems/railties-4.2.6/lib/rails/rack/logger.rb:38:in `call_app'
  vendor/bundle/ruby/2.3.0/gems/railties-4.2.6/lib/rails/rack/logger.rb:20:in `block in call'
  vendor/bundle/ruby/2.3.0/gems/activesupport-4.2.6/lib/active_support/tagged_logging.rb:68:in `block in tagged'
  vendor/bundle/ruby/2.3.0/gems/activesupport-4.2.6/lib/active_support/tagged_logging.rb:26:in `tagged'
  vendor/bundle/ruby/2.3.0/gems/activesupport-4.2.6/lib/active_support/tagged_logging.rb:68:in `tagged'
  vendor/bundle/ruby/2.3.0/gems/railties-4.2.6/lib/rails/rack/logger.rb:20:in `call'
  vendor/bundle/ruby/2.3.0/gems/actionpack-4.2.6/lib/action_dispatch/middleware/request_id.rb:21:in `call'
  vendor/bundle/ruby/2.3.0/gems/rack-1.6.10/lib/rack/methodoverride.rb:22:in `call'
  vendor/bundle/ruby/2.3.0/gems/rack-1.6.10/lib/rack/runtime.rb:18:in `call'
  vendor/bundle/ruby/2.3.0/gems/activesupport-4.2.6/lib/active_support/cache/strategy/local_cache_middleware.rb:28:in `call'
  vendor/bundle/ruby/2.3.0/gems/rack-1.6.10/lib/rack/lock.rb:17:in `call'
  vendor/bundle/ruby/2.3.0/gems/actionpack-4.2.6/lib/action_dispatch/middleware/static.rb:120:in `call'
  vendor/bundle/ruby/2.3.0/gems/rack-1.6.10/lib/rack/sendfile.rb:113:in `call'
  vendor/bundle/ruby/2.3.0/gems/railties-4.2.6/lib/rails/engine.rb:518:in `call'
  vendor/bundle/ruby/2.3.0/gems/railties-4.2.6/lib/rails/application.rb:165:in `call'
  vendor/bundle/ruby/2.3.0/gems/rack-1.6.10/lib/rack/lock.rb:17:in `call'
  vendor/bundle/ruby/2.3.0/gems/rack-1.6.10/lib/rack/content_length.rb:15:in `call'
  vendor/bundle/ruby/2.3.0/gems/rack-1.6.10/lib/rack/handler/webrick.rb:88:in `service'
  /usr/lib/ruby/2.3.0/webrick/httpserver.rb:140:in `service'
  /usr/lib/ruby/2.3.0/webrick/httpserver.rb:96:in `run'
  /usr/lib/ruby/2.3.0/webrick/server.rb:296:in `block in start_thread'


  Rendered vendor/bundle/ruby/2.3.0/gems/actionpack-4.2.6/lib/action_dispatch/middleware/templates/rescues/unknown_action.html.erb within rescues/layout (0.3ms)


Started GET "/produtos/new" for 127.0.0.1 at 2018-08-24 15:21:38 -0300

AbstractController::ActionNotFound (The action 'new' could not be found for ProdutosController):
  vendor/bundle/ruby/2.3.0/gems/actionpack-4.2.6/lib/abstract_controller/base.rb:132:in `process'
  vendor/bundle/ruby/2.3.0/gems/actionview-4.2.6/lib/action_view/rendering.rb:30:in `process'
  vendor/bundle/ruby/2.3.0/gems/actionpack-4.2.6/lib/action_controller/metal.rb:196:in `dispatch'
  vendor/bundle/ruby/2.3.0/gems/actionpack-4.2.6/lib/action_controller/metal/rack_delegation.rb:13:in `dispatch'
  vendor/bundle/ruby/2.3.0/gems/actionpack-4.2.6/lib/action_controller/metal.rb:237:in `block in action'
  vendor/bundle/ruby/2.3.0/gems/actionpack-4.2.6/lib/action_dispatch/routing/route_set.rb:74:in `dispatch'
  vendor/bundle/ruby/2.3.0/gems/actionpack-4.2.6/lib/action_dispatch/routing/route_set.rb:43:in `serve'
  vendor/bundle/ruby/2.3.0/gems/actionpack-4.2.6/lib/action_dispatch/journey/router.rb:43:in `block in serve'
  vendor/bundle/ruby/2.3.0/gems/actionpack-4.2.6/lib/action_dispatch/journey/router.rb:30:in `each'
  vendor/bundle/ruby/2.3.0/gems/actionpack-4.2.6/lib/action_dispatch/journey/router.rb:30:in `serve'
  vendor/bundle/ruby/2.3.0/gems/actionpack-4.2.6/lib/action_dispatch/routing/route_set.rb:817:in `call'
  vendor/bundle/ruby/2.3.0/gems/rack-1.6.10/lib/rack/etag.rb:24:in `call'
  vendor/bundle/ruby/2.3.0/gems/rack-1.6.10/lib/rack/conditionalget.rb:25:in `call'
  vendor/bundle/ruby/2.3.0/gems/rack-1.6.10/lib/rack/head.rb:13:in `call'
  vendor/bundle/ruby/2.3.0/gems/actionpack-4.2.6/lib/action_dispatch/middleware/params_parser.rb:27:in `call'
  vendor/bundle/ruby/2.3.0/gems/actionpack-4.2.6/lib/action_dispatch/middleware/flash.rb:260:in `call'
  vendor/bundle/ruby/2.3.0/gems/rack-1.6.10/lib/rack/session/abstract/id.rb:225:in `context'
  vendor/bundle/ruby/2.3.0/gems/rack-1.6.10/lib/rack/session/abstract/id.rb:220:in `call'
  vendor/bundle/ruby/2.3.0/gems/actionpack-4.2.6/lib/action_dispatch/middleware/cookies.rb:560:in `call'
  vendor/bundle/ruby/2.3.0/gems/activerecord-4.2.6/lib/active_record/query_cache.rb:36:in `call'
  vendor/bundle/ruby/2.3.0/gems/activerecord-4.2.6/lib/active_record/connection_adapters/abstract/connection_pool.rb:653:in `call'
  vendor/bundle/ruby/2.3.0/gems/activerecord-4.2.6/lib/active_record/migration.rb:377:in `call'
  vendor/bundle/ruby/2.3.0/gems/actionpack-4.2.6/lib/action_dispatch/middleware/callbacks.rb:29:in `block in call'
  vendor/bundle/ruby/2.3.0/gems/activesupport-4.2.6/lib/active_support/callbacks.rb:88:in `__run_callbacks__'
  vendor/bundle/ruby/2.3.0/gems/activesupport-4.2.6/lib/active_support/callbacks.rb:778:in `_run_call_callbacks'
  vendor/bundle/ruby/2.3.0/gems/activesupport-4.2.6/lib/active_support/callbacks.rb:81:in `run_callbacks'
  vendor/bundle/ruby/2.3.0/gems/actionpack-4.2.6/lib/action_dispatch/middleware/callbacks.rb:27:in `call'
  vendor/bundle/ruby/2.3.0/gems/actionpack-4.2.6/lib/action_dispatch/middleware/reloader.rb:73:in `call'
  vendor/bundle/ruby/2.3.0/gems/actionpack-4.2.6/lib/action_dispatch/middleware/remote_ip.rb:78:in `call'
  vendor/bundle/ruby/2.3.0/gems/actionpack-4.2.6/lib/action_dispatch/middleware/debug_exceptions.rb:17:in `call'
  vendor/bundle/ruby/2.3.0/gems/actionpack-4.2.6/lib/action_dispatch/middleware/show_exceptions.rb:30:in `call'
  vendor/bundle/ruby/2.3.0/gems/railties-4.2.6/lib/rails/rack/logger.rb:38:in `call_app'
  vendor/bundle/ruby/2.3.0/gems/railties-4.2.6/lib/rails/rack/logger.rb:20:in `block in call'
  vendor/bundle/ruby/2.3.0/gems/activesupport-4.2.6/lib/active_support/tagged_logging.rb:68:in `block in tagged'
  vendor/bundle/ruby/2.3.0/gems/activesupport-4.2.6/lib/active_support/tagged_logging.rb:26:in `tagged'
  vendor/bundle/ruby/2.3.0/gems/activesupport-4.2.6/lib/active_support/tagged_logging.rb:68:in `tagged'
  vendor/bundle/ruby/2.3.0/gems/railties-4.2.6/lib/rails/rack/logger.rb:20:in `call'
  vendor/bundle/ruby/2.3.0/gems/actionpack-4.2.6/lib/action_dispatch/middleware/request_id.rb:21:in `call'
  vendor/bundle/ruby/2.3.0/gems/rack-1.6.10/lib/rack/methodoverride.rb:22:in `call'
  vendor/bundle/ruby/2.3.0/gems/rack-1.6.10/lib/rack/runtime.rb:18:in `call'
  vendor/bundle/ruby/2.3.0/gems/activesupport-4.2.6/lib/active_support/cache/strategy/local_cache_middleware.rb:28:in `call'
  vendor/bundle/ruby/2.3.0/gems/rack-1.6.10/lib/rack/lock.rb:17:in `call'
  vendor/bundle/ruby/2.3.0/gems/actionpack-4.2.6/lib/action_dispatch/middleware/static.rb:120:in `call'
  vendor/bundle/ruby/2.3.0/gems/rack-1.6.10/lib/rack/sendfile.rb:113:in `call'
  vendor/bundle/ruby/2.3.0/gems/railties-4.2.6/lib/rails/engine.rb:518:in `call'
  vendor/bundle/ruby/2.3.0/gems/railties-4.2.6/lib/rails/application.rb:165:in `call'
  vendor/bundle/ruby/2.3.0/gems/rack-1.6.10/lib/rack/lock.rb:17:in `call'
  vendor/bundle/ruby/2.3.0/gems/rack-1.6.10/lib/rack/content_length.rb:15:in `call'
  vendor/bundle/ruby/2.3.0/gems/rack-1.6.10/lib/rack/handler/webrick.rb:88:in `service'
  /usr/lib/ruby/2.3.0/webrick/httpserver.rb:140:in `service'
  /usr/lib/ruby/2.3.0/webrick/httpserver.rb:96:in `run'
  /usr/lib/ruby/2.3.0/webrick/server.rb:296:in `block in start_thread'


  Rendered vendor/bundle/ruby/2.3.0/gems/actionpack-4.2.6/lib/action_dispatch/middleware/templates/rescues/unknown_action.html.erb within rescues/layout (0.3ms)


Started GET "/produtos/new" for 127.0.0.1 at 2018-08-24 15:21:47 -0300
Processing by ProdutosController#new as HTML
  Rendered produtos/new.html.erb within layouts/application (0.3ms)
Completed 200 OK in 161ms (Views: 153.3ms | ActiveRecord: 0.0ms)


Started GET "/produtos/new" for 127.0.0.1 at 2018-08-24 15:22:23 -0300
Processing by ProdutosController#new as HTML
  Rendered produtos/new.html.erb within layouts/application (0.3ms)
Completed 200 OK in 47ms (Views: 46.6ms | ActiveRecord: 0.0ms)


Started GET "/produtos/new" for 127.0.0.1 at 2018-08-24 15:28:10 -0300
Processing by ProdutosController#new as HTML
  Rendered produtos/new.html.erb within layouts/application (7.1ms)
Completed 200 OK in 60ms (Views: 58.9ms | ActiveRecord: 0.4ms)


Started POST "/produtos" for 127.0.0.1 at 2018-08-24 15:28:14 -0300
Processing by ProdutosController#create as HTML
  Parameters: {"utf8"=>"✓", "authenticity_token"=>"e1JHDE/pWsvPMJXMW/b+/nnQMnBIuCTD1BE5XTXwjjO4c2YyRga1fYajBylZqJcA11tAPXt5516+HAcLeTuLcA==", "nome"=>"", "quantidade"=>"", "preco"=>""}
Completed 500 Internal Server Error in 1ms (ActiveRecord: 0.0ms)

ArgumentError (wrong number of arguments (given 0, expected 1)):
  app/controllers/produtos_controller.rb:9:in `create'


  Rendered vendor/bundle/ruby/2.3.0/gems/actionpack-4.2.6/lib/action_dispatch/middleware/templates/rescues/_source.erb (2.7ms)
  Rendered vendor/bundle/ruby/2.3.0/gems/actionpack-4.2.6/lib/action_dispatch/middleware/templates/rescues/_trace.html.erb (1.5ms)
  Rendered vendor/bundle/ruby/2.3.0/gems/actionpack-4.2.6/lib/action_dispatch/middleware/templates/rescues/_request_and_response.html.erb (0.6ms)
  Rendered vendor/bundle/ruby/2.3.0/gems/actionpack-4.2.6/lib/action_dispatch/middleware/templates/rescues/diagnostics.html.erb within rescues/layout (15.0ms)
